<?xml version="1.0" encoding="UTF-8" ?>
<testsuite errors="0" failures="0" hostname="MacBookAir.lan" name="CompilerTest" skipped="0" tests="3" time="0.071" timestamp="2025-01-14T12:46:34">
  <properties>
    <property name="libs.spring-framework300.classpath" value="/Applications/NetBeans/ApacheNetBeans15.app/Contents/Resources/NetBeans/netbeans/platform/modules/org-apache-commons-logging.jar:/Applications/NetBeans/ApacheNetBeans15.app/Contents/Resources/NetBeans/netbeans/java/modules/ext/cglib-2.2.jar:/Applications/NetBeans/ApacheNetBeans15.app/Contents/Resources/NetBeans/netbeans/java/modules/ext/spring-3.0/spring-aop-3.2.18.RELEASE.jar:/Applications/NetBeans/ApacheNetBeans15.app/Contents/Resources/NetBeans/netbeans/java/modules/ext/spring-3.0/spring-aspects-3.2.18.RELEASE.jar:/Applications/NetBeans/ApacheNetBeans15.app/Contents/Resources/NetBeans/netbeans/java/modules/ext/spring-3.0/spring-beans-3.2.18.RELEASE.jar:/Applications/NetBeans/ApacheNetBeans15.app/Contents/Resources/NetBeans/netbeans/java/modules/ext/spring-3.0/spring-context-3.2.18.RELEASE.jar:/Applications/NetBeans/ApacheNetBeans15.app/Contents/Resources/NetBeans/netbeans/java/modules/ext/spring-3.0/spring-context-support-3.2.18.RELEASE.jar:/Applications/NetBeans/ApacheNetBeans15.app/Contents/Resources/NetBeans/netbeans/java/modules/ext/spring-3.0/spring-core-3.2.18.RELEASE.jar:/Applications/NetBeans/ApacheNetBeans15.app/Contents/Resources/NetBeans/netbeans/java/modules/ext/spring-3.0/spring-expression-3.2.18.RELEASE.jar:/Applications/NetBeans/ApacheNetBeans15.app/Contents/Resources/NetBeans/netbeans/java/modules/ext/spring-3.0/spring-instrument-3.2.18.RELEASE.jar:/Applications/NetBeans/ApacheNetBeans15.app/Contents/Resources/NetBeans/netbeans/java/modules/ext/spring-3.0/spring-instrument-tomcat-3.2.18.RELEASE.jar:/Applications/NetBeans/ApacheNetBeans15.app/Contents/Resources/NetBeans/netbeans/java/modules/ext/spring-3.0/spring-jdbc-3.2.18.RELEASE.jar:/Applications/NetBeans/ApacheNetBeans15.app/Contents/Resources/NetBeans/netbeans/java/modules/ext/spring-3.0/spring-jms-3.2.18.RELEASE.jar:/Applications/NetBeans/ApacheNetBeans15.app/Contents/Resources/NetBeans/netbeans/java/modules/ext/spring-3.0/spring-orm-3.2.18.RELEASE.jar:/Applications/NetBeans/ApacheNetBeans15.app/Contents/Resources/NetBeans/netbeans/java/modules/ext/spring-3.0/spring-oxm-3.2.18.RELEASE.jar:/Applications/NetBeans/ApacheNetBeans15.app/Contents/Resources/NetBeans/netbeans/java/modules/ext/spring-3.0/spring-struts-3.2.18.RELEASE.jar:/Applications/NetBeans/ApacheNetBeans15.app/Contents/Resources/NetBeans/netbeans/java/modules/ext/spring-3.0/spring-test-3.2.18.RELEASE.jar:/Applications/NetBeans/ApacheNetBeans15.app/Contents/Resources/NetBeans/netbeans/java/modules/ext/spring-3.0/spring-tx-3.2.18.RELEASE.jar:/Applications/NetBeans/ApacheNetBeans15.app/Contents/Resources/NetBeans/netbeans/java/modules/ext/spring-3.0/spring-web-3.2.18.RELEASE.jar:/Applications/NetBeans/ApacheNetBeans15.app/Contents/Resources/NetBeans/netbeans/java/modules/ext/spring-3.0/spring-webmvc-3.2.18.RELEASE.jar:/Applications/NetBeans/ApacheNetBeans15.app/Contents/Resources/NetBeans/netbeans/java/modules/ext/spring-3.0/spring-webmvc-portlet-3.2.18.RELEASE.jar" />
    <property name="javac.test.classpath" value="/Users/xuyi/Source/Java/lib/json-20200518.jar:build/classes:/Applications/NetBeans/ApacheNetBeans15.app/Contents/Resources/NetBeans/netbeans/platform/modules/ext/junit-4.13.2.jar:/Applications/NetBeans/ApacheNetBeans15.app/Contents/Resources/NetBeans/netbeans/platform/modules/ext/hamcrest-core-1.3.jar" />
    <property name="java.specification.version" value="17" />
    <property name="libs.spring-framework500.classpath" value="/Applications/NetBeans/ApacheNetBeans15.app/Contents/Resources/NetBeans/netbeans/platform/modules/org-apache-commons-logging.jar:/Applications/NetBeans/ApacheNetBeans15.app/Contents/Resources/NetBeans/netbeans/java/modules/ext/cglib-2.2.jar:/Applications/NetBeans/ApacheNetBeans15.app/Contents/Resources/NetBeans/netbeans/java/modules/ext/spring-5/spring-aop-5.2.9.RELEASE.jar:/Applications/NetBeans/ApacheNetBeans15.app/Contents/Resources/NetBeans/netbeans/java/modules/ext/spring-5/spring-aspects-5.2.9.RELEASE.jar:/Applications/NetBeans/ApacheNetBeans15.app/Contents/Resources/NetBeans/netbeans/java/modules/ext/spring-5/spring-beans-5.2.9.RELEASE.jar:/Applications/NetBeans/ApacheNetBeans15.app/Contents/Resources/NetBeans/netbeans/java/modules/ext/spring-5/spring-context-5.2.9.RELEASE.jar:/Applications/NetBeans/ApacheNetBeans15.app/Contents/Resources/NetBeans/netbeans/java/modules/ext/spring-5/spring-context-indexer-5.2.9.RELEASE.jar:/Applications/NetBeans/ApacheNetBeans15.app/Contents/Resources/NetBeans/netbeans/java/modules/ext/spring-5/spring-context-support-5.2.9.RELEASE.jar:/Applications/NetBeans/ApacheNetBeans15.app/Contents/Resources/NetBeans/netbeans/java/modules/ext/spring-5/spring-core-5.2.9.RELEASE.jar:/Applications/NetBeans/ApacheNetBeans15.app/Contents/Resources/NetBeans/netbeans/java/modules/ext/spring-5/spring-expression-5.2.9.RELEASE.jar:/Applications/NetBeans/ApacheNetBeans15.app/Contents/Resources/NetBeans/netbeans/java/modules/ext/spring-5/spring-instrument-5.2.9.RELEASE.jar:/Applications/NetBeans/ApacheNetBeans15.app/Contents/Resources/NetBeans/netbeans/java/modules/ext/spring-5/spring-jcl-5.2.9.RELEASE.jar:/Applications/NetBeans/ApacheNetBeans15.app/Contents/Resources/NetBeans/netbeans/java/modules/ext/spring-5/spring-jdbc-5.2.9.RELEASE.jar:/Applications/NetBeans/ApacheNetBeans15.app/Contents/Resources/NetBeans/netbeans/java/modules/ext/spring-5/spring-jms-5.2.9.RELEASE.jar:/Applications/NetBeans/ApacheNetBeans15.app/Contents/Resources/NetBeans/netbeans/java/modules/ext/spring-5/spring-messaging-5.2.9.RELEASE.jar:/Applications/NetBeans/ApacheNetBeans15.app/Contents/Resources/NetBeans/netbeans/java/modules/ext/spring-5/spring-orm-5.2.9.RELEASE.jar:/Applications/NetBeans/ApacheNetBeans15.app/Contents/Resources/NetBeans/netbeans/java/modules/ext/spring-5/spring-oxm-5.2.9.RELEASE.jar:/Applications/NetBeans/ApacheNetBeans15.app/Contents/Resources/NetBeans/netbeans/java/modules/ext/spring-5/spring-test-5.2.9.RELEASE.jar:/Applications/NetBeans/ApacheNetBeans15.app/Contents/Resources/NetBeans/netbeans/java/modules/ext/spring-5/spring-tx-5.2.9.RELEASE.jar:/Applications/NetBeans/ApacheNetBeans15.app/Contents/Resources/NetBeans/netbeans/java/modules/ext/spring-5/spring-web-5.2.9.RELEASE.jar:/Applications/NetBeans/ApacheNetBeans15.app/Contents/Resources/NetBeans/netbeans/java/modules/ext/spring-5/spring-webflux-5.2.9.RELEASE.jar:/Applications/NetBeans/ApacheNetBeans15.app/Contents/Resources/NetBeans/netbeans/java/modules/ext/spring-5/spring-webmvc-5.2.9.RELEASE.jar:/Applications/NetBeans/ApacheNetBeans15.app/Contents/Resources/NetBeans/netbeans/java/modules/ext/spring-5/spring-websocket-5.2.9.RELEASE.jar" />
    <property name="jar.index.metainf" value="false" />
    <property name="jnlp.signing.keystore" value="" />
    <property name="libs.spring-webmvc4.0.javadoc" value="" />
    <property name="libs.spring-framework400.classpath" value="/Applications/NetBeans/ApacheNetBeans15.app/Contents/Resources/NetBeans/netbeans/platform/modules/org-apache-commons-logging.jar:/Applications/NetBeans/ApacheNetBeans15.app/Contents/Resources/NetBeans/netbeans/java/modules/ext/cglib-2.2.jar:/Applications/NetBeans/ApacheNetBeans15.app/Contents/Resources/NetBeans/netbeans/java/modules/ext/spring-4/spring-aop-4.3.29.RELEASE.jar:/Applications/NetBeans/ApacheNetBeans15.app/Contents/Resources/NetBeans/netbeans/java/modules/ext/spring-4/spring-aspects-4.3.29.RELEASE.jar:/Applications/NetBeans/ApacheNetBeans15.app/Contents/Resources/NetBeans/netbeans/java/modules/ext/spring-4/spring-beans-4.3.29.RELEASE.jar:/Applications/NetBeans/ApacheNetBeans15.app/Contents/Resources/NetBeans/netbeans/java/modules/ext/spring-4/spring-context-4.3.29.RELEASE.jar:/Applications/NetBeans/ApacheNetBeans15.app/Contents/Resources/NetBeans/netbeans/java/modules/ext/spring-4/spring-context-support-4.3.29.RELEASE.jar:/Applications/NetBeans/ApacheNetBeans15.app/Contents/Resources/NetBeans/netbeans/java/modules/ext/spring-4/spring-core-4.3.29.RELEASE.jar:/Applications/NetBeans/ApacheNetBeans15.app/Contents/Resources/NetBeans/netbeans/java/modules/ext/spring-4/spring-expression-4.3.29.RELEASE.jar:/Applications/NetBeans/ApacheNetBeans15.app/Contents/Resources/NetBeans/netbeans/java/modules/ext/spring-4/spring-instrument-4.3.29.RELEASE.jar:/Applications/NetBeans/ApacheNetBeans15.app/Contents/Resources/NetBeans/netbeans/java/modules/ext/spring-4/spring-instrument-tomcat-4.3.29.RELEASE.jar:/Applications/NetBeans/ApacheNetBeans15.app/Contents/Resources/NetBeans/netbeans/java/modules/ext/spring-4/spring-jdbc-4.3.29.RELEASE.jar:/Applications/NetBeans/ApacheNetBeans15.app/Contents/Resources/NetBeans/netbeans/java/modules/ext/spring-4/spring-jms-4.3.29.RELEASE.jar:/Applications/NetBeans/ApacheNetBeans15.app/Contents/Resources/NetBeans/netbeans/java/modules/ext/spring-4/spring-messaging-4.3.29.RELEASE.jar:/Applications/NetBeans/ApacheNetBeans15.app/Contents/Resources/NetBeans/netbeans/java/modules/ext/spring-4/spring-orm-4.3.29.RELEASE.jar:/Applications/NetBeans/ApacheNetBeans15.app/Contents/Resources/NetBeans/netbeans/java/modules/ext/spring-4/spring-oxm-4.3.29.RELEASE.jar:/Applications/NetBeans/ApacheNetBeans15.app/Contents/Resources/NetBeans/netbeans/java/modules/ext/spring-4/spring-test-4.3.29.RELEASE.jar:/Applications/NetBeans/ApacheNetBeans15.app/Contents/Resources/NetBeans/netbeans/java/modules/ext/spring-4/spring-tx-4.3.29.RELEASE.jar:/Applications/NetBeans/ApacheNetBeans15.app/Contents/Resources/NetBeans/netbeans/java/modules/ext/spring-4/spring-web-4.3.29.RELEASE.jar:/Applications/NetBeans/ApacheNetBeans15.app/Contents/Resources/NetBeans/netbeans/java/modules/ext/spring-4/spring-webmvc-4.3.29.RELEASE.jar:/Applications/NetBeans/ApacheNetBeans15.app/Contents/Resources/NetBeans/netbeans/java/modules/ext/spring-4/spring-webmvc-portlet-4.3.29.RELEASE.jar:/Applications/NetBeans/ApacheNetBeans15.app/Contents/Resources/NetBeans/netbeans/java/modules/ext/spring-4/spring-websocket-4.3.29.RELEASE.jar" />
    <property name="test.binaryincludes" value="&lt;nothing&gt;" />
    <property name="debug-transport" value="dt_socket" />
    <property name="do.jlink" value="false" />
    <property name="libs.javaee-web-api-8.0.src" value="" />
    <property name="java.vendor.url" value="https://java.oracle.com/" />
    <property name="debug.modulepath" value="" />
    <property name="libs.jsp-compilation.src" value="" />
    <property name="libs.eclipselink.javadoc" value="/Applications/NetBeans/ApacheNetBeans15.app/Contents/Resources/NetBeans/netbeans/java/modules/ext/docs/jakarta.persistence-2.2.3-doc.zip" />
    <property name="libs.JWSAntTasks.javadoc" value="" />
    <property name="sun.boot.library.path" value="/Library/Java/JavaVirtualMachines/jdk-17.0.3.jdk/Contents/Home/lib" />
    <property name="sun.java.command" value="org.apache.tools.ant.taskdefs.optional.junit.JUnitTestRunner CompilerTest skipNonTests=false filtertrace=true haltOnError=false haltOnFailure=false showoutput=true outputtoformatters=true logfailedtests=true threadid=0 logtestlistenerevents=true formatter=org.apache.tools.ant.taskdefs.optional.junit.BriefJUnitResultFormatter formatter=org.apache.tools.ant.taskdefs.optional.junit.XMLJUnitResultFormatter,/Users/xuyi/Source/Java/V0191/build/test/results/TEST-CompilerTest.xml crashfile=/Users/xuyi/Source/Java/V0191/build/junitvmwatcher7691309209392555194.properties propsfile=/Users/xuyi/Source/Java/V0191/build/junit6799976245541694543.properties" />
    <property name="jdk.debug" value="release" />
    <property name="libs.spring-framework300.src" value="" />
    <property name="javadoc.use" value="true" />
    <property name="javadoc.notree" value="false" />
    <property name="basedir" value="/Users/xuyi/Source/Java/V0191" />
    <property name="application.vendor" value="X. Wang" />
    <property name="java.vm.specification.vendor" value="Oracle Corporation" />
    <property name="java.specification.name" value="Java Platform API Specification" />
    <property name="libs.jsf20.classpath" value="/Applications/NetBeans/ApacheNetBeans15.app/Contents/Resources/NetBeans/netbeans/enterprise/modules/ext/jsf-2_2/javax.faces.jar" />
    <property name="netbeans.extbrowser.manual_chrome_plugin_install" value="yes" />
    <property name="netbeans.default_userdir_root" value="/Users/xuyi/Library/Application Support/NetBeans" />
    <property name="libs.spring-framework500.javadoc" value="" />
    <property name="libs.jsp-compilation-syscp.src" value="" />
    <property name="jdk.home" value="/Library/Java/JavaVirtualMachines/jdk-17.0.3.jdk/Contents/Home" />
    <property name="java.runtime.version" value="17.0.3+8-LTS-111" />
    <property name="libs.eclipselink.maven-pom" value="" />
    <property name="libs.metro.maven-pom" value="" />
    <property name="libs.JAXB-ENDORSED.javadoc" value="" />
    <property name="sun.java2d.noddraw" value="true" />
    <property name="sun.zip.disableMemoryMapping" value="true" />
    <property name="guice.disable.misplaced.annotation.check" value="true" />
    <property name="jnidispatch.path" value="/Users/xuyi/Library/Caches/JNA/temp/jna10471030070101146821.tmp" />
    <property name="libs.jsp-compilation.javadoc" value="" />
    <property name="libs.jsf12.src" value="" />
    <property name="libs.primefaces.javadoc" value="" />
    <property name="libs.groovy-all.maven-pom" value="" />
    <property name="libs.restapi.src" value="" />
    <property name="libs.junit_5.javadoc" value="/Applications/NetBeans/ApacheNetBeans15.app/Contents/Resources/NetBeans/netbeans/platform/docs/junit-jupiter-api-5.6.0-javadoc.jar:/Applications/NetBeans/ApacheNetBeans15.app/Contents/Resources/NetBeans/netbeans/platform/docs/junit-jupiter-params-5.6.0-javadoc.jar:/Applications/NetBeans/ApacheNetBeans15.app/Contents/Resources/NetBeans/netbeans/platform/docs/junit-jupiter-engine-5.6.0-javadoc.jar" />
    <property name="jnlp.enabled" value="false" />
    <property name="dist.archive.excludes" value="" />
    <property name="java.io.tmpdir" value="/var/folders/ws/9cwgq9ps1f9cdq1f4zfby4z40000gn/T/" />
    <property name="java.version" value="17.0.3" />
    <property name="java.vm.specification.name" value="Java Virtual Machine Specification" />
    <property name="libs.jakartaee-api-8.0.javadoc" value="/Applications/NetBeans/ApacheNetBeans15.app/Contents/Resources/NetBeans/netbeans/enterprise/docs/jakartaee8-doc-api.jar" />
    <property name="native.encoding" value="UTF-8" />
    <property name="java.library.path" value="/Users/xuyi/Library/Java/Extensions:/Library/Java/Extensions:/Network/Library/Java/Extensions:/System/Library/Java/Extensions:/usr/lib/java:." />
    <property name="libs.hamcrest.src" value="" />
    <property name="java.vendor" value="Oracle Corporation" />
    <property name="libs.testng.javadoc" value="/Applications/NetBeans/ApacheNetBeans15.app/Contents/Resources/NetBeans/netbeans/platform/docs/testng-6.13.1-javadoc.jar" />
    <property name="libs.groovy-all.src" value="" />
    <property name="meta.inf.dir" value="src/META-INF" />
    <property name="run.upgrademodulepath" value="" />
    <property name="compile.on.save" value="true" />
    <property name="libs.testng.maven-pom" value="" />
    <property name="org.openide.version" value="deprecated" />
    <property name="run.classpath" value="/Users/xuyi/Source/Java/lib/json-20200518.jar:build/classes" />
    <property name="libs.jaxb.src" value="" />
    <property name="test.src.dir" value="test" />
    <property name="sun.awt.enableExtraMouseButtons" value="true" />
    <property name="org.openide.major.version" value="IDE/1" />
    <property name="libs.spring-framework300.javadoc" value="" />
    <property name="ap.proc.none.internal" value="" />
    <property name="org.openide.specification.version" value="6.2" />
    <property name="user.timezone" value="Europe/Amsterdam" />
    <property name="jar.index" value="false" />
    <property name="libs.jpa20-persistence.classpath" value="/Applications/NetBeans/ApacheNetBeans15.app/Contents/Resources/NetBeans/netbeans/java/modules/ext/eclipselink/jakarta.persistence-2.2.3.jar" />
    <property name="libs.junit_5.classpath" value="/Applications/NetBeans/ApacheNetBeans15.app/Contents/Resources/NetBeans/netbeans/platform/modules/ext/junit-jupiter-api-5.6.0.jar:/Applications/NetBeans/ApacheNetBeans15.app/Contents/Resources/NetBeans/netbeans/platform/modules/ext/junit-jupiter-params-5.6.0.jar:/Applications/NetBeans/ApacheNetBeans15.app/Contents/Resources/NetBeans/netbeans/platform/modules/ext/junit-jupiter-engine-5.6.0.jar" />
    <property name="libs.eclipselinkmodelgen.javadoc" value="" />
    <property name="java.vm.specification.version" value="17" />
    <property name="javadoc.noindex" value="false" />
    <property name="javadoc.private" value="false" />
    <property name="libs.spring-webmvc4.0.maven-pom" value="" />
    <property name="libs.JAXB-ENDORSED.maven-pom" value="" />
    <property name="user.home" value="/Users/xuyi" />
    <property name="libs.eclipselinkmodelgen.maven-pom" value="" />
    <property name="have.sources" value="true" />
    <property name="annotation.processing.processors.list" value="" />
    <property name="jlink.launcher" value="false" />
    <property name="javac.deprecation" value="false" />
    <property name="manifest.custom.caller.allowable.codebase" value="" />
    <property name="build.generated.sources.dir" value="build/generated-sources" />
    <property name="plugin.manager.check.updates" value="false" />
    <property name="netbeans.autoupdate.language" value="zh" />
    <property name="ant.file.V0191" value="/Users/xuyi/Source/Java/V0191/build.xml" />
    <property name="build.compiler.emacs" value="true" />
    <property name="libs.eclipselinkmodelgen.src" value="" />
    <property name="build.classes.excludes" value="**/*.java,**/*.form" />
    <property name="dist.jar" value="dist/V0191.jar" />
    <property name="libs.jakartaee-web-api-9.0.classpath" value="/Applications/NetBeans/ApacheNetBeans15.app/Contents/Resources/NetBeans/netbeans/enterprise/modules/ext/jakarta.jakartaee-web-api-9.0.0.jar" />
    <property name="libs.spring-webmvc4.0.classpath" value="/Applications/NetBeans/ApacheNetBeans15.app/Contents/Resources/NetBeans/netbeans/java/modules/ext/spring-4/spring-webmvc-4.3.29.RELEASE.jar" />
    <property name="modules.supported.internal" value="true" />
    <property name="libs.javaee-endorsed-api-7.0.javadoc" value="/Applications/NetBeans/ApacheNetBeans15.app/Contents/Resources/NetBeans/netbeans/enterprise/docs/javaee-doc-api.jar" />
    <property name="os.version" value="15.2" />
    <property name="netbeans.home" value="/Applications/NetBeans/ApacheNetBeans15.app/Contents/Resources/NetBeans/netbeans/platform" />
    <property name="libs.CopyLibs.javadoc" value="" />
    <property name="debug-transport-by-os" value="dt_socket" />
    <property name="libs.jsf20.src" value="" />
    <property name="libs.javaee-api-8.0.javadoc" value="/Applications/NetBeans/ApacheNetBeans15.app/Contents/Resources/NetBeans/netbeans/enterprise/docs/javaee-doc-api.jar" />
    <property name="java.vm.name" value="Java HotSpot(TM) 64-Bit Server VM" />
    <property name="unnamed.module.internal" value="true" />
    <property name="libs.jstl.javadoc" value="/Applications/NetBeans/ApacheNetBeans15.app/Contents/Resources/NetBeans/netbeans/enterprise/docs/javaee-doc-api.jar" />
    <property name="libs.javaee-endorsed-api-7.0.maven-pom" value="" />
    <property name="libs.jaxws21.classpath" value="/Applications/NetBeans/ApacheNetBeans15.app/Contents/Resources/NetBeans/netbeans/java/modules/ext/jaxws22/api/jakarta.jws-api.jar:/Applications/NetBeans/ApacheNetBeans15.app/Contents/Resources/NetBeans/netbeans/java/modules/ext/jaxws22/api/jakarta.xml.soap-api.jar:/Applications/NetBeans/ApacheNetBeans15.app/Contents/Resources/NetBeans/netbeans/java/modules/ext/jaxws22/api/jakarta.xml.ws-api.jar:/Applications/NetBeans/ApacheNetBeans15.app/Contents/Resources/NetBeans/netbeans/java/modules/ext/jaxws22/FastInfoset.jar:/Applications/NetBeans/ApacheNetBeans15.app/Contents/Resources/NetBeans/netbeans/java/modules/ext/jaxws22/gmbal-api-only.jar:/Applications/NetBeans/ApacheNetBeans15.app/Contents/Resources/NetBeans/netbeans/java/modules/ext/jaxws22/ha-api.jar:/Applications/NetBeans/ApacheNetBeans15.app/Contents/Resources/NetBeans/netbeans/java/modules/ext/jaxws22/jakarta.mail.jar:/Applications/NetBeans/ApacheNetBeans15.app/Contents/Resources/NetBeans/netbeans/java/modules/ext/jaxws22/jaxws-rt.jar:/Applications/NetBeans/ApacheNetBeans15.app/Contents/Resources/NetBeans/netbeans/java/modules/ext/jaxws22/jaxws-tools.jar:/Applications/NetBeans/ApacheNetBeans15.app/Contents/Resources/NetBeans/netbeans/java/modules/ext/jaxws22/management-api.jar:/Applications/NetBeans/ApacheNetBeans15.app/Contents/Resources/NetBeans/netbeans/java/modules/ext/jaxws22/mimepull.jar:/Applications/NetBeans/ApacheNetBeans15.app/Contents/Resources/NetBeans/netbeans/java/modules/ext/jaxws22/policy.jar:/Applications/NetBeans/ApacheNetBeans15.app/Contents/Resources/NetBeans/netbeans/java/modules/ext/jaxws22/saaj-impl.jar:/Applications/NetBeans/ApacheNetBeans15.app/Contents/Resources/NetBeans/netbeans/java/modules/ext/jaxws22/stax-ex.jar:/Applications/NetBeans/ApacheNetBeans15.app/Contents/Resources/NetBeans/netbeans/java/modules/ext/jaxws22/stax2-api.jar:/Applications/NetBeans/ApacheNetBeans15.app/Contents/Resources/NetBeans/netbeans/java/modules/ext/jaxws22/streambuffer.jar:/Applications/NetBeans/ApacheNetBeans15.app/Contents/Resources/NetBeans/netbeans/java/modules/ext/jaxws22/woodstox-core.jar:/Applications/NetBeans/ApacheNetBeans15.app/Contents/Resources/NetBeans/netbeans/ide/modules/ext/jaxb/api/jaxb-api.jar:/Applications/NetBeans/ApacheNetBeans15.app/Contents/Resources/NetBeans/netbeans/ide/modules/ext/jaxb/activation.jar:/Applications/NetBeans/ApacheNetBeans15.app/Contents/Resources/NetBeans/netbeans/ide/modules/ext/jaxb/jaxb-impl.jar:/Applications/NetBeans/ApacheNetBeans15.app/Contents/Resources/NetBeans/netbeans/ide/modules/ext/jaxb/jaxb-xjc.jar" />
    <property name="libs.restapi.classpath" value="/Applications/NetBeans/ApacheNetBeans15.app/Contents/Resources/NetBeans/netbeans/enterprise/modules/ext/jaxrs-2.1/jakarta.ws.rs-api-2.1.6.jar" />
    <property name="os.arch" value="aarch64" />
    <property name="build.generated.dir" value="build/generated" />
    <property name="libs.groovy-all.javadoc" value="" />
    <property name="libs.jakartaee-api-8.0.classpath" value="/Applications/NetBeans/ApacheNetBeans15.app/Contents/Resources/NetBeans/netbeans/enterprise/modules/ext/jakarta.jakartaee-api-8.0.0.jar" />
    <property name="libs.javaee-web-api-7.0.javadoc" value="/Applications/NetBeans/ApacheNetBeans15.app/Contents/Resources/NetBeans/netbeans/enterprise/docs/javaee-doc-api.jar" />
    <property name="libs.javaee-endorsed-api-6.0.src" value="" />
    <property name="jnlp.descriptor" value="application" />
    <property name="libs.jsf12.maven-pom" value="" />
    <property name="libs.javaee-endorsed-api-7.0.classpath" value="/Applications/NetBeans/ApacheNetBeans15.app/Contents/Resources/NetBeans/netbeans/enterprise/modules/ext/javaee7-endorsed/javax.annotation-api.jar:/Applications/NetBeans/ApacheNetBeans15.app/Contents/Resources/NetBeans/netbeans/enterprise/modules/ext/javaee7-endorsed/javax.xml.soap-api.jar:/Applications/NetBeans/ApacheNetBeans15.app/Contents/Resources/NetBeans/netbeans/enterprise/modules/ext/javaee7-endorsed/jaxb-api-osgi.jar:/Applications/NetBeans/ApacheNetBeans15.app/Contents/Resources/NetBeans/netbeans/enterprise/modules/ext/javaee7-endorsed/jaxws-api.jar:/Applications/NetBeans/ApacheNetBeans15.app/Contents/Resources/NetBeans/netbeans/enterprise/modules/ext/javaee7-endorsed/jsr181-api.jar" />
    <property name="libs.primefaces.maven-pom" value="" />
    <property name="org.netbeans.io.suspend" value="0" />
    <property name="ant.project.name" value="V0191" />
    <property name="dist.javadoc.dir" value="dist/javadoc" />
    <property name="default.javac.target" value="17" />
    <property name="javac.fork" value="true" />
    <property name="libs.eclipselink.classpath" value="/Applications/NetBeans/ApacheNetBeans15.app/Contents/Resources/NetBeans/netbeans/java/modules/ext/eclipselink/org.eclipse.persistence.core-2.7.10.jar:/Applications/NetBeans/ApacheNetBeans15.app/Contents/Resources/NetBeans/netbeans/java/modules/ext/eclipselink/org.eclipse.persistence.asm-9.2.0.jar:/Applications/NetBeans/ApacheNetBeans15.app/Contents/Resources/NetBeans/netbeans/java/modules/ext/eclipselink/org.eclipse.persistence.antlr-2.7.10.jar:/Applications/NetBeans/ApacheNetBeans15.app/Contents/Resources/NetBeans/netbeans/java/modules/ext/eclipselink/org.eclipse.persistence.jpa-2.7.10.jar:/Applications/NetBeans/ApacheNetBeans15.app/Contents/Resources/NetBeans/netbeans/java/modules/ext/eclipselink/org.eclipse.persistence.jpa.jpql-2.7.10.jar:/Applications/NetBeans/ApacheNetBeans15.app/Contents/Resources/NetBeans/netbeans/java/modules/ext/eclipselink/org.eclipse.persistence.moxy-2.7.10.jar:/Applications/NetBeans/ApacheNetBeans15.app/Contents/Resources/NetBeans/netbeans/java/modules/ext/eclipselink/jakarta.persistence-2.2.3.jar" />
    <property name="libs.JavaFX.classpath" value="/Users/xuyi/opt/javafx-sdk-17.0.0.1/lib/javafx-swt.jar:/Users/xuyi/opt/javafx-sdk-17.0.0.1/lib/javafx.base.jar:/Users/xuyi/opt/javafx-sdk-17.0.0.1/lib/javafx.controls.jar:/Users/xuyi/opt/javafx-sdk-17.0.0.1/lib/javafx.fxml.jar:/Users/xuyi/opt/javafx-sdk-17.0.0.1/lib/javafx.graphics.jar:/Users/xuyi/opt/javafx-sdk-17.0.0.1/lib/javafx.media.jar:/Users/xuyi/opt/javafx-sdk-17.0.0.1/lib/javafx.swing.jar:/Users/xuyi/opt/javafx-sdk-17.0.0.1/lib/javafx.web.jar" />
    <property name="libs.struts.classpath" value="/Applications/NetBeans/ApacheNetBeans15.app/Contents/Resources/NetBeans/netbeans/enterprise/modules/ext/struts/antlr-2.7.2.jar:/Applications/NetBeans/ApacheNetBeans15.app/Contents/Resources/NetBeans/netbeans/enterprise/modules/ext/struts/bsf-2.3.0.jar:/Applications/NetBeans/ApacheNetBeans15.app/Contents/Resources/NetBeans/netbeans/enterprise/modules/ext/struts/commons-beanutils-1.8.0.jar:/Applications/NetBeans/ApacheNetBeans15.app/Contents/Resources/NetBeans/netbeans/enterprise/modules/ext/struts/commons-chain-1.2.jar:/Applications/NetBeans/ApacheNetBeans15.app/Contents/Resources/NetBeans/netbeans/enterprise/modules/ext/struts/commons-digester-1.8.jar:/Applications/NetBeans/ApacheNetBeans15.app/Contents/Resources/NetBeans/netbeans/enterprise/modules/ext/struts/commons-fileupload-1.1.1.jar:/Applications/NetBeans/ApacheNetBeans15.app/Contents/Resources/NetBeans/netbeans/enterprise/modules/ext/struts/commons-io-1.1.jar:/Applications/NetBeans/ApacheNetBeans15.app/Contents/Resources/NetBeans/netbeans/enterprise/modules/ext/struts/commons-logging-1.0.4.jar:/Applications/NetBeans/ApacheNetBeans15.app/Contents/Resources/NetBeans/netbeans/enterprise/modules/ext/struts/commons-validator-1.3.1.jar:/Applications/NetBeans/ApacheNetBeans15.app/Contents/Resources/NetBeans/netbeans/enterprise/modules/ext/struts/jstl-1.0.2.jar:/Applications/NetBeans/ApacheNetBeans15.app/Contents/Resources/NetBeans/netbeans/enterprise/modules/ext/struts/oro-2.0.8.jar:/Applications/NetBeans/ApacheNetBeans15.app/Contents/Resources/NetBeans/netbeans/enterprise/modules/ext/struts/standard-1.0.6.jar:/Applications/NetBeans/ApacheNetBeans15.app/Contents/Resources/NetBeans/netbeans/enterprise/modules/ext/struts/struts-core-1.3.10.jar:/Applications/NetBeans/ApacheNetBeans15.app/Contents/Resources/NetBeans/netbeans/enterprise/modules/ext/struts/struts-el-1.3.10.jar:/Applications/NetBeans/ApacheNetBeans15.app/Contents/Resources/NetBeans/netbeans/enterprise/modules/ext/struts/struts-extras-1.3.10.jar:/Applications/NetBeans/ApacheNetBeans15.app/Contents/Resources/NetBeans/netbeans/enterprise/modules/ext/struts/struts-faces-1.3.10.jar:/Applications/NetBeans/ApacheNetBeans15.app/Contents/Resources/NetBeans/netbeans/enterprise/modules/ext/struts/struts-mailreader-dao-1.3.10.jar:/Applications/NetBeans/ApacheNetBeans15.app/Contents/Resources/NetBeans/netbeans/enterprise/modules/ext/struts/struts-scripting-1.3.10.jar:/Applications/NetBeans/ApacheNetBeans15.app/Contents/Resources/NetBeans/netbeans/enterprise/modules/ext/struts/struts-taglib-1.3.10.jar:/Applications/NetBeans/ApacheNetBeans15.app/Contents/Resources/NetBeans/netbeans/enterprise/modules/ext/struts/struts-tiles-1.3.10.jar" />
    <property name="libs.PostgreSQLDriver.maven-pom" value="" />
    <property name="libs.absolutelayout.src" value="" />
    <property name="file.reference.json-20200518.jar" value="/Users/xuyi/Source/Java/lib/json-20200518.jar" />
    <property name="testng.mode" value="testng" />
    <property name="annotation.processing.enabled.in.editor" value="false" />
    <property name="java.vm.compressedOopsMode" value="Zero based" />
    <property name="netbeans.productversion" value="Apache NetBeans IDE 15" />
    <property name="mkdist.disabled" value="true" />
    <property name="libs.JavaFX.javadoc" value="" />
    <property name="libs.javaee-web-api-6.0.javadoc" value="/Applications/NetBeans/ApacheNetBeans15.app/Contents/Resources/NetBeans/netbeans/enterprise/docs/javaee-doc-api.jar" />
    <property name="libs.javaee-api-7.0.maven-pom" value="" />
    <property name="libs.groovy-all.classpath" value="/Applications/NetBeans/ApacheNetBeans15.app/Contents/Resources/NetBeans/netbeans/groovy/modules/ext/groovy-3.0.8.jar:/Applications/NetBeans/ApacheNetBeans15.app/Contents/Resources/NetBeans/netbeans/groovy/modules/ext/groovy-ant-3.0.8.jar" />
    <property name="libs.absolutelayout.javadoc" value="" />
    <property name="module.build.classes.dir" value="build/classes" />
    <property name="libs.jaxb.maven-pom" value="" />
    <property name="annotation.processing.processor.options" value="" />
    <property name="libs.javaee-api-6.0.maven-pom" value="" />
    <property name="dist.dir" value="dist" />
    <property name="build.dir" value="build" />
    <property name="ant.file.type.V0191-impl" value="file" />
    <property name="libs.graaljs.maven-pom" value="" />
    <property name="netbeans.autoupdate.variant" value="" />
    <property name="javadoc.version" value="false" />
    <property name="libs.metro.src" value="" />
    <property name="libs.metro.classpath" value="/Applications/NetBeans/ApacheNetBeans15.app/Contents/Resources/NetBeans/netbeans/ide/modules/ext/jaxb/activation.jar:/Applications/NetBeans/ApacheNetBeans15.app/Contents/Resources/NetBeans/netbeans/enterprise/modules/ext/metro/webservices-api.jar:/Applications/NetBeans/ApacheNetBeans15.app/Contents/Resources/NetBeans/netbeans/enterprise/modules/ext/metro/webservices-extra-api.jar:/Applications/NetBeans/ApacheNetBeans15.app/Contents/Resources/NetBeans/netbeans/enterprise/modules/ext/metro/webservices-extra.jar:/Applications/NetBeans/ApacheNetBeans15.app/Contents/Resources/NetBeans/netbeans/enterprise/modules/ext/metro/webservices-rt.jar:/Applications/NetBeans/ApacheNetBeans15.app/Contents/Resources/NetBeans/netbeans/enterprise/modules/ext/metro/webservices-tools.jar" />
    <property name="libs.CopyLibs.classpath" value="/Applications/NetBeans/ApacheNetBeans15.app/Contents/Resources/NetBeans/netbeans/java/ant/extra/org-netbeans-modules-java-j2seproject-copylibstask.jar" />
    <property name="javadoc.html5" value="false" />
    <property name="javac.test.processorpath" value="/Users/xuyi/Source/Java/lib/json-20200518.jar:build/classes:/Applications/NetBeans/ApacheNetBeans15.app/Contents/Resources/NetBeans/netbeans/platform/modules/ext/junit-4.13.2.jar:/Applications/NetBeans/ApacheNetBeans15.app/Contents/Resources/NetBeans/netbeans/platform/modules/ext/hamcrest-core-1.3.jar" />
    <property name="libs.javaee-web-api-7.0.maven-pom" value="" />
    <property name="libs.javaee-web-api-8.0.maven-pom" value="" />
    <property name="netbeans.dirs" value="/Applications/NetBeans/ApacheNetBeans15.app/Contents/Resources/NetBeans/netbeans/nb:/Applications/NetBeans/ApacheNetBeans15.app/Contents/Resources/NetBeans/netbeans/ergonomics:/Applications/NetBeans/ApacheNetBeans15.app/Contents/Resources/NetBeans/netbeans/ide:/Applications/NetBeans/ApacheNetBeans15.app/Contents/Resources/NetBeans/netbeans/extide:/Applications/NetBeans/ApacheNetBeans15.app/Contents/Resources/NetBeans/netbeans/java:/Applications/NetBeans/ApacheNetBeans15.app/Contents/Resources/NetBeans/netbeans/apisupport:/Applications/NetBeans/ApacheNetBeans15.app/Contents/Resources/NetBeans/netbeans/webcommon:/Applications/NetBeans/ApacheNetBeans15.app/Contents/Resources/NetBeans/netbeans/websvccommon:/Applications/NetBeans/ApacheNetBeans15.app/Contents/Resources/NetBeans/netbeans/enterprise:/Applications/NetBeans/ApacheNetBeans15.app/Contents/Resources/NetBeans/netbeans/mobility:/Applications/NetBeans/ApacheNetBeans15.app/Contents/Resources/NetBeans/netbeans/profiler:/Applications/NetBeans/ApacheNetBeans15.app/Contents/Resources/NetBeans/netbeans/python:/Applications/NetBeans/ApacheNetBeans15.app/Contents/Resources/NetBeans/netbeans/php:/Applications/NetBeans/ApacheNetBeans15.app/Contents/Resources/NetBeans/netbeans/identity:/Applications/NetBeans/ApacheNetBeans15.app/Contents/Resources/NetBeans/netbeans/harness:/Applications/NetBeans/ApacheNetBeans15.app/Contents/Resources/NetBeans/netbeans/cnd:/Applications/NetBeans/ApacheNetBeans15.app/Contents/Resources/NetBeans/netbeans/cndext:/Applications/NetBeans/ApacheNetBeans15.app/Contents/Resources/NetBeans/netbeans/cpplite:/Applications/NetBeans/ApacheNetBeans15.app/Contents/Resources/NetBeans/netbeans/dlight:/Applications/NetBeans/ApacheNetBeans15.app/Contents/Resources/NetBeans/netbeans/groovy:/Applications/NetBeans/ApacheNetBeans15.app/Contents/Resources/NetBeans/netbeans/extra:/Applications/NetBeans/ApacheNetBeans15.app/Contents/Resources/NetBeans/netbeans/javacard:/Applications/NetBeans/ApacheNetBeans15.app/Contents/Resources/NetBeans/netbeans/javafx:" />
    <property name="socksNonProxyHosts" value="local|*.local|169.254/16|*.169.254/16" />
    <property name="libs.hamcrest.maven-pom" value="" />
    <property name="javac.processorpath" value="/Users/xuyi/Source/Java/lib/json-20200518.jar" />
    <property name="libs.javaee-api-6.0.javadoc" value="/Applications/NetBeans/ApacheNetBeans15.app/Contents/Resources/NetBeans/netbeans/enterprise/docs/javaee-doc-api.jar" />
    <property name="libs.JWSAntTasks.maven-pom" value="" />
    <property name="run.modulepath" value="" />
    <property name="javac.upgrademodulepath" value="" />
    <property name="jnlp.codebase.type" value="no.codebase" />
    <property name="apple.laf.useScreenMenuBar" value="true" />
    <property name="user.country" value="NL" />
    <property name="sun.java.launcher" value="SUN_STANDARD" />
    <property name="libs.jakartaee-api-9.0.maven-pom" value="" />
    <property name="libs.jpa20-persistence.src" value="" />
    <property name="libs.restapi.javadoc" value="" />
    <property name="endorsed.classpath" value="" />
    <property name="javac.test.sourcepath" value="/Users/xuyi/Source/Java/V0191/build/empty" />
    <property name="libs.spring-webmvc3.0.maven-pom" value="" />
    <property name="junit.selected.version" value="4" />
    <property name="includes" value="**" />
    <property name="libs.jsf12.javadoc" value="/Applications/NetBeans/ApacheNetBeans15.app/Contents/Resources/NetBeans/netbeans/enterprise/docs/javaee-doc-api.jar" />
    <property name="libs.hamcrest.classpath" value="/Applications/NetBeans/ApacheNetBeans15.app/Contents/Resources/NetBeans/netbeans/platform/modules/ext/hamcrest-core-1.3.jar" />
    <property name="javadoc.splitindex" value="true" />
    <property name="libs.JWSAntTasks.classpath" value="/Applications/NetBeans/ApacheNetBeans15.app/Contents/Resources/NetBeans/netbeans/java/ant/extra/org-netbeans-modules-javawebstart-anttasks.jar" />
    <property name="junit.available" value="true" />
    <property name="manifest.custom.application.library.allowable.codebase" value="" />
    <property name="javac.processormodulepath" value="" />
    <property name="javadoc.encoding" value="UTF-8" />
    <property name="ant.file.V0191-impl" value="/Users/xuyi/Source/Java/V0191/nbproject/build-impl.xml" />
    <property name="libs.jsp-compilation-syscp.maven-pom" value="" />
    <property name="libs.jstl.src" value="" />
    <property name="netbeans.hash.code" value="unique=NB_JAVA_WEBEE_WEBCOMMON_PHP02e077a39-c099-48a8-ae43-c043569c9ded_92e731e5-9f18-46a4-8a93-d124f4bb4a84" />
    <property name="jlink.strip" value="false" />
    <property name="libs.spring-webmvc3.0.classpath" value="/Applications/NetBeans/ApacheNetBeans15.app/Contents/Resources/NetBeans/netbeans/java/modules/ext/spring-3.0/spring-webmvc-3.2.18.RELEASE.jar" />
    <property name="java.runtime.name" value="Java(TM) SE Runtime Environment" />
    <property name="libs.jaxb.javadoc" value="/Applications/NetBeans/ApacheNetBeans15.app/Contents/Resources/NetBeans/netbeans/ide/docs/jaxb-api-doc.jar" />
    <property name="libs.spring-framework500.maven-pom" value="" />
    <property name="run.jvmargs.ide" value="" />
    <property name="ant.core.lib" value="/Applications/NetBeans/ApacheNetBeans15.app/Contents/Resources/NetBeans/netbeans/extide/ant/lib/ant.jar" />
    <property name="libs.jsp-compilation.maven-pom" value="" />
    <property name="javac.profile.cmd.line.arg" value="" />
    <property name="libs.jakartaee-api-9.0.classpath" value="/Applications/NetBeans/ApacheNetBeans15.app/Contents/Resources/NetBeans/netbeans/enterprise/modules/ext/jakarta.jakartaee-api-9.0.0.jar" />
    <property name="application.title" value="V0191" />
    <property name="do.archive+main.class.available" value="true" />
    <property name="javac.test.modulepath" value="" />
    <property name="ignore.failing.tests" value="true" />
    <property name="libs.PostgreSQLDriver.javadoc" value="" />
    <property name="libs.jsp-compilation-syscp.classpath" value="/Applications/NetBeans/ApacheNetBeans15.app/Contents/Resources/NetBeans/netbeans/extide/ant/lib/ant.jar:/Applications/NetBeans/ApacheNetBeans15.app/Contents/Resources/NetBeans/netbeans/enterprise/modules/ext/servlet3.1-jsp2.3-api.jar:/Applications/NetBeans/ApacheNetBeans15.app/Contents/Resources/NetBeans/netbeans/enterprise/modules/ext/glassfish-jspparser-4.0.jar:/Applications/NetBeans/ApacheNetBeans15.app/Contents/Resources/NetBeans/netbeans/enterprise/modules/ext/jstl-impl.jar:/Applications/NetBeans/ApacheNetBeans15.app/Contents/Resources/NetBeans/netbeans/enterprise/modules/ext/jsf-2_2/javax.faces.jar" />
    <property name="libs.jsp-compilation.classpath" value="/Applications/NetBeans/ApacheNetBeans15.app/Contents/Resources/NetBeans/netbeans/extide/ant/lib/ant.jar:/Applications/NetBeans/ApacheNetBeans15.app/Contents/Resources/NetBeans/netbeans/enterprise/modules/ext/servlet3.1-jsp2.3-api.jar:/Applications/NetBeans/ApacheNetBeans15.app/Contents/Resources/NetBeans/netbeans/enterprise/modules/ext/glassfish-jspparser-4.0.jar:/Applications/NetBeans/ApacheNetBeans15.app/Contents/Resources/NetBeans/netbeans/enterprise/modules/ext/jsf-2_2/javax.faces.jar:/Applications/NetBeans/ApacheNetBeans15.app/Contents/Resources/NetBeans/netbeans/enterprise/modules/ext/jstl-api.jar:/Applications/NetBeans/ApacheNetBeans15.app/Contents/Resources/NetBeans/netbeans/extide/ant/lib/ant-launcher.jar" />
    <property name="libs.javaee-api-6.0.classpath" value="/Applications/NetBeans/ApacheNetBeans15.app/Contents/Resources/NetBeans/netbeans/enterprise/modules/ext/javaee-api-6.0.jar" />
    <property name="libs.javaee-api-7.0.classpath" value="/Applications/NetBeans/ApacheNetBeans15.app/Contents/Resources/NetBeans/netbeans/enterprise/modules/ext/javaee-api-7.0.jar" />
    <property name="libs.restapi.maven-pom" value="" />
    <property name="javadoc.preview" value="true" />
    <property name="do.depend" value="false" />
    <property name="sun.arch.data.model" value="64" />
    <property name="jnlp.signing.alias" value="" />
    <property name="libs.jakartaee-web-api-9.0.maven-pom" value="" />
    <property name="sun.font.fontmanager" value="sun.font.CFontManager" />
    <property name="libs.javaee-endorsed-api-7.0.src" value="" />
    <property name="annotation.processing.enabled" value="true" />
    <property name="libs.junit_5.src" value="/Applications/NetBeans/ApacheNetBeans15.app/Contents/Resources/NetBeans/netbeans/platform/docs/junit-jupiter-api-5.6.0-sources.jar:/Applications/NetBeans/ApacheNetBeans15.app/Contents/Resources/NetBeans/netbeans/platform/docs/junit-jupiter-params-5.6.0-sources.jar:/Applications/NetBeans/ApacheNetBeans15.app/Contents/Resources/NetBeans/netbeans/platform/docs/junit-jupiter-engine-5.6.0-sources.jar" />
    <property name="libs.jaxb.classpath" value="/Applications/NetBeans/ApacheNetBeans15.app/Contents/Resources/NetBeans/netbeans/ide/modules/ext/jaxb/jaxb-impl.jar:/Applications/NetBeans/ApacheNetBeans15.app/Contents/Resources/NetBeans/netbeans/ide/modules/ext/jaxb/jaxb-xjc.jar:/Applications/NetBeans/ApacheNetBeans15.app/Contents/Resources/NetBeans/netbeans/ide/modules/ext/jaxb/activation.jar:/Applications/NetBeans/ApacheNetBeans15.app/Contents/Resources/NetBeans/netbeans/ide/modules/ext/jaxb/api/jaxb-api.jar" />
    <property name="libs.javaee-api-8.0.classpath" value="/Applications/NetBeans/ApacheNetBeans15.app/Contents/Resources/NetBeans/netbeans/enterprise/modules/ext/javaee-api-8.0.jar" />
    <property name="auxiliary.org-netbeans-spi-editor-hints-projects.perProjectHintSettingsFile" value="nbproject/cfg_hints.xml" />
    <property name="libs.CopyLibs.src" value="" />
    <property name="java.specification.vendor" value="Oracle Corporation" />
    <property name="javac.source" value="17" />
    <property name="java.version.date" value="2022-04-19" />
    <property name="java.home" value="/Library/Java/JavaVirtualMachines/jdk-17.0.3.jdk/Contents/Home" />
    <property name="work.dir" value="/Users/xuyi/Source/Java/V0191" />
    <property name="javac.test.compilerargs" value="" />
    <property name="jna.boot.library.name" value="jnidispatch-nb" />
    <property name="libs.PostgreSQLDriver.classpath" value="/Applications/NetBeans/ApacheNetBeans15.app/Contents/Resources/NetBeans/netbeans/ide/modules/ext/postgresql-42.2.16.jar" />
    <property name="libs.graaljs.javadoc" value="" />
    <property name="libs.spring-webmvc3.0.javadoc" value="" />
    <property name="libs.JAXB-ENDORSED.src" value="" />
    <property name="libs.JavaFX.maven-pom" value="" />
    <property name="manifest.encoding" value="UTF-8" />
    <property name="user.script" value="Hans" />
    <property name="manifest.custom.permissions" value="" />
    <property name="libs.spring-framework400.src" value="" />
    <property name="sun.management.compiler" value="HotSpot 64-Bit Tiered Compilers" />
    <property name="run.test.modulepath" value="" />
    <property name="libs.graaljs.classpath" value="/Applications/NetBeans/ApacheNetBeans15.app/Contents/Resources/NetBeans/netbeans/webcommon/modules/ext/js-20.3.0.jar:/Applications/NetBeans/ApacheNetBeans15.app/Contents/Resources/NetBeans/netbeans/webcommon/modules/ext/js-launcher-20.3.0.jar:/Applications/NetBeans/ApacheNetBeans15.app/Contents/Resources/NetBeans/netbeans/webcommon/modules/ext/regex-20.3.0.jar:/Applications/NetBeans/ApacheNetBeans15.app/Contents/Resources/NetBeans/netbeans/webcommon/modules/ext/icu4j-67.1.jar:/Applications/NetBeans/ApacheNetBeans15.app/Contents/Resources/NetBeans/netbeans/ide/modules/ext/graal-sdk-20.3.0.jar:/Applications/NetBeans/ApacheNetBeans15.app/Contents/Resources/NetBeans/netbeans/ide/modules/ext/launcher-common-20.3.0.jar:/Applications/NetBeans/ApacheNetBeans15.app/Contents/Resources/NetBeans/netbeans/ide/modules/ext/truffle-api-20.3.0.jar" />
    <property name="libs.javaee-web-api-6.0.classpath" value="/Applications/NetBeans/ApacheNetBeans15.app/Contents/Resources/NetBeans/netbeans/enterprise/modules/ext/javaee-web-api-6.0.jar" />
    <property name="libs.jsp-compiler.javadoc" value="" />
    <property name="debug.test.modulepath" value="" />
    <property name="libs.javaee-web-api-7.0.classpath" value="/Applications/NetBeans/ApacheNetBeans15.app/Contents/Resources/NetBeans/netbeans/enterprise/modules/ext/javaee-web-api-7.0.jar" />
    <property name="file.encoding" value="UTF-8" />
    <property name="java.util.logging.config.class" value="org.netbeans.core.startup.TopLogging" />
    <property name="https.nonProxyHosts" value="localhost|127.0.0.1|MacBookAir.lan" />
    <property name="libs.restlib.javadoc" value="" />
    <property name="libs.absolutelayout.classpath" value="/Applications/NetBeans/ApacheNetBeans15.app/Contents/Resources/NetBeans/netbeans/java/modules/ext/AbsoluteLayout.jar" />
    <property name="do.archive" value="true" />
    <property name="libs.struts.maven-pom" value="" />
    <property name="built-jar.properties" value="/Users/xuyi/Source/Java/V0191/build/built-jar.properties" />
    <property name="nb.native.filechooser" value="false" />
    <property name="libs.testng.src" value="" />
    <property name="libs.javaee-web-api-8.0.classpath" value="/Applications/NetBeans/ApacheNetBeans15.app/Contents/Resources/NetBeans/netbeans/enterprise/modules/ext/javaee-web-api-8.0.jar" />
    <property name="platform.active" value="default_platform" />
    <property name="sun.io.unicode.encoding" value="UnicodeBig" />
    <property name="libs.struts.javadoc" value="/Applications/NetBeans/ApacheNetBeans15.app/Contents/Resources/NetBeans/netbeans/enterprise/docs/struts-1.3.10-javadoc.zip" />
    <property name="default.javac.source" value="17" />
    <property name="libs.javaee-web-api-8.0.javadoc" value="/Applications/NetBeans/ApacheNetBeans15.app/Contents/Resources/NetBeans/netbeans/enterprise/docs/javaee-doc-api.jar" />
    <property name="netbeans.dynamic.classpath" value="/Applications/NetBeans/ApacheNetBeans15.app/Contents/Resources/NetBeans/netbeans/platform/core/asm-tree-9.3.jar:/Applications/NetBeans/ApacheNetBeans15.app/Contents/Resources/NetBeans/netbeans/platform/core/org-netbeans-libs-asm.jar:/Applications/NetBeans/ApacheNetBeans15.app/Contents/Resources/NetBeans/netbeans/platform/core/org-openide-filesystems-compat8.jar:/Applications/NetBeans/ApacheNetBeans15.app/Contents/Resources/NetBeans/netbeans/platform/core/org-openide-filesystems.jar:/Applications/NetBeans/ApacheNetBeans15.app/Contents/Resources/NetBeans/netbeans/platform/core/asm-commons-9.3.jar:/Applications/NetBeans/ApacheNetBeans15.app/Contents/Resources/NetBeans/netbeans/platform/core/asm-9.3.jar:/Applications/NetBeans/ApacheNetBeans15.app/Contents/Resources/NetBeans/netbeans/platform/core/core.jar:/Applications/NetBeans/ApacheNetBeans15.app/Contents/Resources/NetBeans/netbeans/platform/core/core-base.jar:/Applications/NetBeans/ApacheNetBeans15.app/Contents/Resources/NetBeans/netbeans/nb/core/org-netbeans-upgrader.jar:/Applications/NetBeans/ApacheNetBeans15.app/Contents/Resources/NetBeans/netbeans/nb/core/locale/core_nb.jar" />
    <property name="libs.eclipselinkmodelgen.classpath" value="/Applications/NetBeans/ApacheNetBeans15.app/Contents/Resources/NetBeans/netbeans/java/modules/ext/eclipselink/org.eclipse.persistence.jpa.modelgen.processor-2.7.10.jar" />
    <property name="javac.systemmodulepath.cmd.line.arg" value="" />
    <property name="netbeans.buildnumber" value="15-387759c96ce1b891ec45ffaf524a53499455fe1a" />
    <property name="endorsed.classpath.cmd.line.arg" value="" />
    <property name="libs.jpa20-persistence.maven-pom" value="" />
    <property name="os.name" value="Mac OS X" />
    <property name="libs.CopyLibs.maven-pom" value="" />
    <property name="build.sysclasspath" value="ignore" />
    <property name="libs.jakartaee-api-8.0.maven-pom" value="" />
    <property name="jdkBug6558476" value="false" />
    <property name="http.nonProxyHosts" value="local|*.local|169.254/16|*.169.254/16" />
    <property name="javadoc.author" value="false" />
    <property name="main.class" value="sjc.ui.SCG" />
    <property name="libs.jsp-compilation-syscp.javadoc" value="" />
    <property name="source.encoding" value="UTF-8" />
    <property name="ant.file.type.V0191" value="file" />
    <property name="jar.compress" value="false" />
    <property name="libs.javaee-api-7.0.javadoc" value="/Applications/NetBeans/ApacheNetBeans15.app/Contents/Resources/NetBeans/netbeans/enterprise/docs/javaee-doc-api.jar" />
    <property name="libs.spring-webmvc5.0.src" value="" />
    <property name="jnlp.mixed.code" value="default" />
    <property name="libs.jsf20.maven-pom" value="" />
    <property name="libs.restlib.classpath" value="/Applications/NetBeans/ApacheNetBeans15.app/Contents/Resources/NetBeans/netbeans/enterprise/modules/ext/jersey2/jakarta.annotation-api-1.3.5.jar:/Applications/NetBeans/ApacheNetBeans15.app/Contents/Resources/NetBeans/netbeans/enterprise/modules/ext/jersey2/jakarta.persistence-api-2.2.3.jar:/Applications/NetBeans/ApacheNetBeans15.app/Contents/Resources/NetBeans/netbeans/enterprise/modules/ext/jersey2/jakarta.servlet-api-4.0.4.jar:/Applications/NetBeans/ApacheNetBeans15.app/Contents/Resources/NetBeans/netbeans/enterprise/modules/ext/jersey2/jakarta.validation-api-2.0.2.jar:/Applications/NetBeans/ApacheNetBeans15.app/Contents/Resources/NetBeans/netbeans/enterprise/modules/ext/jersey2/jakarta.xml.bind-api-2.3.3.jar:/Applications/NetBeans/ApacheNetBeans15.app/Contents/Resources/NetBeans/netbeans/enterprise/modules/ext/jersey2/jersey-client-2.34.jar:/Applications/NetBeans/ApacheNetBeans15.app/Contents/Resources/NetBeans/netbeans/enterprise/modules/ext/jersey2/jersey-common-2.34.jar:/Applications/NetBeans/ApacheNetBeans15.app/Contents/Resources/NetBeans/netbeans/enterprise/modules/ext/jersey2/jersey-server-2.34.jar:/Applications/NetBeans/ApacheNetBeans15.app/Contents/Resources/NetBeans/netbeans/enterprise/modules/ext/jersey2/jersey-entity-filtering-2.34.jar:/Applications/NetBeans/ApacheNetBeans15.app/Contents/Resources/NetBeans/netbeans/enterprise/modules/ext/jersey2/jersey-hk2-2.34.jar:/Applications/NetBeans/ApacheNetBeans15.app/Contents/Resources/NetBeans/netbeans/enterprise/modules/ext/jersey2/jersey-media-moxy-2.34.jar:/Applications/NetBeans/ApacheNetBeans15.app/Contents/Resources/NetBeans/netbeans/enterprise/modules/ext/jersey2/jersey-container-servlet-2.34.jar:/Applications/NetBeans/ApacheNetBeans15.app/Contents/Resources/NetBeans/netbeans/enterprise/modules/ext/jersey2/jersey-container-servlet-core-2.34.jar:/Applications/NetBeans/ApacheNetBeans15.app/Contents/Resources/NetBeans/netbeans/enterprise/modules/ext/jersey2/hk2-api-2.6.1.jar:/Applications/NetBeans/ApacheNetBeans15.app/Contents/Resources/NetBeans/netbeans/enterprise/modules/ext/jersey2/hk2-locator-2.6.1.jar:/Applications/NetBeans/ApacheNetBeans15.app/Contents/Resources/NetBeans/netbeans/enterprise/modules/ext/jersey2/hk2-utils-2.6.1.jar:/Applications/NetBeans/ApacheNetBeans15.app/Contents/Resources/NetBeans/netbeans/enterprise/modules/ext/jersey2/jakarta.inject-2.6.1.jar:/Applications/NetBeans/ApacheNetBeans15.app/Contents/Resources/NetBeans/netbeans/enterprise/modules/ext/jersey2/aopalliance-repackaged-2.6.1.jar:/Applications/NetBeans/ApacheNetBeans15.app/Contents/Resources/NetBeans/netbeans/enterprise/modules/ext/jersey2/osgi.core-8.0.0.jar:/Applications/NetBeans/ApacheNetBeans15.app/Contents/Resources/NetBeans/netbeans/enterprise/modules/ext/jersey2/osgi-resource-locator-1.0.3.jar:/Applications/NetBeans/ApacheNetBeans15.app/Contents/Resources/NetBeans/netbeans/java/modules/ext/eclipselink/org.eclipse.persistence.core-2.7.10.jar:/Applications/NetBeans/ApacheNetBeans15.app/Contents/Resources/NetBeans/netbeans/java/modules/ext/eclipselink/org.eclipse.persistence.asm-9.2.0.jar:/Applications/NetBeans/ApacheNetBeans15.app/Contents/Resources/NetBeans/netbeans/java/modules/ext/eclipselink/org.eclipse.persistence.antlr-2.7.10.jar:/Applications/NetBeans/ApacheNetBeans15.app/Contents/Resources/NetBeans/netbeans/java/modules/ext/eclipselink/org.eclipse.persistence.jpa-2.7.10.jar:/Applications/NetBeans/ApacheNetBeans15.app/Contents/Resources/NetBeans/netbeans/java/modules/ext/eclipselink/org.eclipse.persistence.jpa.jpql-2.7.10.jar:/Applications/NetBeans/ApacheNetBeans15.app/Contents/Resources/NetBeans/netbeans/java/modules/ext/eclipselink/org.eclipse.persistence.moxy-2.7.10.jar" />
    <property name="libs.jakartaee-web-api-8.0.javadoc" value="/Applications/NetBeans/ApacheNetBeans15.app/Contents/Resources/NetBeans/netbeans/enterprise/docs/jakartaee8-doc-api.jar" />
    <property name="apple.awt.graphics.UseQuartz" value="true" />
    <property name="libs.graaljs.src" value="" />
    <property name="run.jvmargs" value="" />
    <property name="libs.primefaces.src" value="" />
    <property name="ant.file" value="/Users/xuyi/Source/Java/V0191/build.xml" />
    <property name="libs.struts.src" value="" />
    <property name="path.separator" value=":" />
    <property name="libs.JAXB-ENDORSED.classpath" value="/Applications/NetBeans/ApacheNetBeans15.app/Contents/Resources/NetBeans/netbeans/ide/modules/ext/jaxb/api/jaxb-api.jar" />
    <property name="libs.restlib.src" value="" />
    <property name="build.test.results.dir" value="build/test/results" />
    <property name="libs.jaxws21.javadoc" value="/Applications/NetBeans/ApacheNetBeans15.app/Contents/Resources/NetBeans/netbeans/java/docs/jaxws-api-doc.zip" />
    <property name="libs.spring-framework400.maven-pom" value="" />
    <property name="libs.javaee-endorsed-api-6.0.javadoc" value="/Applications/NetBeans/ApacheNetBeans15.app/Contents/Resources/NetBeans/netbeans/enterprise/docs/javaee-doc-api.jar" />
    <property name="ap.processors.internal" value="" />
    <property name="module.name" value="" />
    <property name="libs.spring-webmvc5.0.javadoc" value="" />
    <property name="libs.jsf12.classpath" value="/Applications/NetBeans/ApacheNetBeans15.app/Contents/Resources/NetBeans/netbeans/enterprise/modules/ext/jsf-1_2/jsf-api.jar:/Applications/NetBeans/ApacheNetBeans15.app/Contents/Resources/NetBeans/netbeans/enterprise/modules/ext/jsf-1_2/jsf-impl.jar" />
    <property name="libs.spring-framework400.javadoc" value="" />
    <property name="libs.hamcrest.javadoc" value="" />
    <property name="do.jar" value="true" />
    <property name="java.vm.info" value="mixed mode, sharing" />
    <property name="libs.primefaces.classpath" value="/Applications/NetBeans/ApacheNetBeans15.app/Contents/Resources/NetBeans/netbeans/enterprise/modules/ext/primefaces/primefaces-5.0.jar" />
    <property name="libs.jaxws21.maven-pom" value="" />
    <property name="run.test.classpath" value="/Users/xuyi/Source/Java/lib/json-20200518.jar:build/classes:/Applications/NetBeans/ApacheNetBeans15.app/Contents/Resources/NetBeans/netbeans/platform/modules/ext/junit-4.13.2.jar:/Applications/NetBeans/ApacheNetBeans15.app/Contents/Resources/NetBeans/netbeans/platform/modules/ext/hamcrest-core-1.3.jar:build/test/classes" />
    <property name="dist.jlink.output" value="dist/jlink/V0191" />
    <property name="javadoc.encoding.used" value="UTF-8" />
    <property name="java.class.version" value="61.0" />
    <property name="src.dir" value="src" />
    <property name="ant.project.default-target" value="default" />
    <property name="debug.classpath" value="/Users/xuyi/Source/Java/lib/json-20200518.jar:build/classes" />
    <property name="excludes" value="" />
    <property name="libs.javaee-api-7.0.src" value="" />
    <property name="libs.junit_4.javadoc" value="/Applications/NetBeans/ApacheNetBeans15.app/Contents/Resources/NetBeans/netbeans/platform/docs/junit-4.13.2-javadoc.jar" />
    <property name="sun.jnu.encoding" value="UTF-8" />
    <property name="run.test.jvmargs" value="" />
    <property name="jnlp.offline-allowed" value="false" />
    <property name="libs.spring-webmvc4.0.src" value="" />
    <property name="sun.java2d.dpiaware" value="true" />
    <property name="main.class.available" value="true" />
    <property name="libs.jsf20.javadoc" value="/Applications/NetBeans/ApacheNetBeans15.app/Contents/Resources/NetBeans/netbeans/enterprise/docs/javaee-doc-api.jar" />
    <property name="netbeans.importclass" value="org.netbeans.upgrade.AutoUpgrade" />
    <property name="jar.archive.disabled" value="false" />
    <property name="netbeans.autoupdate.version" value="1.23" />
    <property name="empty.dir" value="/Users/xuyi/Source/Java/V0191/build/empty" />
    <property name="netbeans.user" value="/Users/xuyi/Library/Application Support/NetBeans/15" />
    <property name="file.separator" value="/" />
    <property name="line.separator" value="&#xa;" />
    <property name="javadoc.additionalparam" value="" />
    <property name="jnlp.signed" value="false" />
    <property name="libs.spring-webmvc5.0.classpath" value="/Applications/NetBeans/ApacheNetBeans15.app/Contents/Resources/NetBeans/netbeans/java/modules/ext/spring-5/spring-webmvc-5.2.9.RELEASE.jar" />
    <property name="libs.restlib.maven-pom" value="" />
    <property name="javac.debug" value="true" />
    <property name="libs.testng.classpath" value="/Applications/NetBeans/ApacheNetBeans15.app/Contents/Resources/NetBeans/netbeans/platform/modules/ext/testng-6.14.3.jar:/Applications/NetBeans/ApacheNetBeans15.app/Contents/Resources/NetBeans/netbeans/platform/modules/ext/jcommander-1.78.jar" />
    <property name="project.license" value="gpl20" />
    <property name="libs.jsp-compiler.src" value="" />
    <property name="user.name" value="xuyi" />
    <property name="build.classes.dir" value="build/classes" />
    <property name="javadoc.windowtitle" value="" />
    <property name="nb.junit.single" value="false" />
    <property name="nb.internal.action.name" value="test" />
    <property name="libs.javaee-api-8.0.maven-pom" value="" />
    <property name="libs.jaxws21.src" value="" />
    <property name="libs.jakartaee-web-api-9.0.javadoc" value="/Applications/NetBeans/ApacheNetBeans15.app/Contents/Resources/NetBeans/netbeans/enterprise/docs/jakartaee9-doc-api.jar" />
    <property name="jna.loaded" value="true" />
    <property name="libs.junit_5.maven-pom" value="" />
    <property name="libs.jpa20-persistence.javadoc" value="/Applications/NetBeans/ApacheNetBeans15.app/Contents/Resources/NetBeans/netbeans/java/modules/ext/docs/jakarta.persistence-2.2.3-doc.zip" />
    <property name="ant.junit.enabletestlistenerevents" value="true" />
    <property name="libs.JWSAntTasks.src" value="" />
    <property name="libs.spring-webmvc3.0.src" value="" />
    <property name="ant.home" value="/Applications/NetBeans/ApacheNetBeans15.app/Contents/Resources/NetBeans/netbeans/extide/ant" />
    <property name="debug.test.classpath" value="/Users/xuyi/Source/Java/lib/json-20200518.jar:build/classes:/Applications/NetBeans/ApacheNetBeans15.app/Contents/Resources/NetBeans/netbeans/platform/modules/ext/junit-4.13.2.jar:/Applications/NetBeans/ApacheNetBeans15.app/Contents/Resources/NetBeans/netbeans/platform/modules/ext/hamcrest-core-1.3.jar:build/test/classes" />
    <property name="have.tests" value="true" />
    <property name="javac.external.vm" value="true" />
    <property name="testng.debug.mode" value="" />
    <property name="javac.target" value="17" />
    <property name="jnlp.signing" value="" />
    <property name="ant.version" value="Apache Ant(TM) version 1.10.8 compiled on May 10 2020" />
    <property name="libs.absolutelayout.maven-pom" value="" />
    <property name="java.failonerror" value="true" />
    <property name="libs.spring-framework500.src" value="" />
    <property name="javac.modulepath" value="" />
    <property name="user.properties.file" value="/Users/xuyi/Library/Application Support/NetBeans/15/build.properties" />
    <property name="libs.javaee-api-6.0.src" value="" />
    <property name="netbeans.autoupdate.country" value="NL" />
    <property name="nb.wait.for.caches" value="true" />
    <property name="java.class.path" value="/Users/xuyi/Source/Java/lib/json-20200518.jar:/Users/xuyi/Source/Java/V0191/build/classes:/Applications/NetBeans/ApacheNetBeans15.app/Contents/Resources/NetBeans/netbeans/platform/modules/ext/junit-4.13.2.jar:/Applications/NetBeans/ApacheNetBeans15.app/Contents/Resources/NetBeans/netbeans/platform/modules/ext/hamcrest-core-1.3.jar:/Users/xuyi/Source/Java/V0191/build/test/classes:/Applications/NetBeans/ApacheNetBeans15.app/Contents/Resources/NetBeans/netbeans/extide/ant/lib/ant-launcher.jar:/Applications/NetBeans/ApacheNetBeans15.app/Contents/Resources/NetBeans/netbeans/extide/ant/lib/ant.jar:/Applications/NetBeans/ApacheNetBeans15.app/Contents/Resources/NetBeans/netbeans/extide/ant/lib/ant-junit.jar:/Applications/NetBeans/ApacheNetBeans15.app/Contents/Resources/NetBeans/netbeans/extide/ant/lib/ant-junit4.jar" />
    <property name="libs.javaee-web-api-6.0.maven-pom" value="" />
    <property name="java.vm.vendor" value="Oracle Corporation" />
    <property name="ap.supported.internal" value="true" />
    <property name="netbeans.home+have.tests" value="true" />
    <property name="test.binaryexcludes" value="" />
    <property name="javac.compilerargs" value="" />
    <property name="libs.jstl.maven-pom" value="" />
    <property name="libs.jakartaee-web-api-8.0.src" value="" />
    <property name="sun.cpu.endian" value="little" />
    <property name="libs.junit_4.src" value="/Applications/NetBeans/ApacheNetBeans15.app/Contents/Resources/NetBeans/netbeans/platform/docs/junit-4.13.2-sources.jar" />
    <property name="libs.jakartaee-api-9.0.src" value="" />
    <property name="user.language" value="zh" />
    <property name="copylibs.rebase" value="true" />
    <property name="maven.defaultProjectBuilder.disableGlobalModelCache" value="true" />
    <property name="libs.javaee-web-api-6.0.src" value="" />
    <property name="javadoc.nonavbar" value="false" />
    <property name="libs.javaee-api-8.0.src" value="" />
    <property name="ant.java.version" value="17" />
    <property name="libs.junit_4.classpath" value="/Applications/NetBeans/ApacheNetBeans15.app/Contents/Resources/NetBeans/netbeans/platform/modules/ext/junit-4.13.2.jar" />
    <property name="libs.jakartaee-api-9.0.javadoc" value="/Applications/NetBeans/ApacheNetBeans15.app/Contents/Resources/NetBeans/netbeans/enterprise/docs/jakartaee9-doc-api.jar" />
    <property name="jlink.launcher.name" value="V0191" />
    <property name="test.binarytestincludes" value="" />
    <property name="libs.junit_4.maven-pom" value="" />
    <property name="libs.spring-webmvc5.0.maven-pom" value="" />
    <property name="runtime.encoding" value="UTF-8" />
    <property name="libs.jsp-compiler.maven-pom" value="" />
    <property name="libs.JavaFX.src" value="" />
    <property name="libs.jakartaee-web-api-8.0.classpath" value="/Applications/NetBeans/ApacheNetBeans15.app/Contents/Resources/NetBeans/netbeans/enterprise/modules/ext/jakarta.jakartaee-web-api-8.0.0.jar" />
    <property name="javac.classpath" value="/Users/xuyi/Source/Java/lib/json-20200518.jar" />
    <property name="ftp.nonProxyHosts" value="local|*.local|169.254/16|*.169.254/16" />
    <property name="dist.jlink.dir" value="dist/jlink" />
    <property name="nb.junit.batch" value="true" />
    <property name="build.test.classes.dir" value="build/test/classes" />
    <property name="libs.spring-framework300.maven-pom" value="" />
    <property name="ant.project.invoked-targets" value="test" />
    <property name="libs.jstl.classpath" value="/Applications/NetBeans/ApacheNetBeans15.app/Contents/Resources/NetBeans/netbeans/enterprise/modules/ext/jstl-impl.jar:/Applications/NetBeans/ApacheNetBeans15.app/Contents/Resources/NetBeans/netbeans/enterprise/modules/ext/jstl-api.jar" />
    <property name="ap.cmd.line.internal" value="" />
    <property name="jna.platform.library.path" value="/usr/lib:/usr/lib" />
    <property name="libs.PostgreSQLDriver.src" value="" />
    <property name="java.vendor.url.bug" value="https://bugreport.java.com/bugreport/" />
    <property name="annotation.processing.source.output" value="build/generated-sources/ap-source-output" />
    <property name="user.dir" value="/Users/xuyi/Source/Java/V0191" />
    <property name="libs.javaee-endorsed-api-6.0.maven-pom" value="" />
    <property name="platform.java" value="/Library/Java/JavaVirtualMachines/jdk-17.0.3.jdk/Contents/Home/bin/java" />
    <property name="application.args" value="" />
    <property name="org.xml.sax.driver" value="com.sun.org.apache.xerces.internal.jaxp.SAXParserImpl$JAXPSAXParser" />
    <property name="libs.jakartaee-web-api-8.0.maven-pom" value="" />
    <property name="libs.eclipselink.src" value="" />
    <property name="java.vm.version" value="17.0.3+8-LTS-111" />
    <property name="manifest.custom.codebase" value="" />
    <property name="libs.metro.javadoc" value="/Applications/NetBeans/ApacheNetBeans15.app/Contents/Resources/NetBeans/netbeans/enterprise/docs/webservices-api-javadoc.jar:/Applications/NetBeans/ApacheNetBeans15.app/Contents/Resources/NetBeans/netbeans/enterprise/docs/webservices-extra-javadoc.jar:/Applications/NetBeans/ApacheNetBeans15.app/Contents/Resources/NetBeans/netbeans/enterprise/docs/webservices-extra-api-javadoc.jar:/Applications/NetBeans/ApacheNetBeans15.app/Contents/Resources/NetBeans/netbeans/enterprise/docs/webservices-rt-javadoc.jar:/Applications/NetBeans/ApacheNetBeans15.app/Contents/Resources/NetBeans/netbeans/enterprise/docs/webservices-tools-javadoc.jar" />
    <property name="libs.jakartaee-web-api-9.0.src" value="" />
    <property name="sun.awt.datatransfer.timeout" value="1000" />
    <property name="libs.jakartaee-api-8.0.src" value="" />
    <property name="annotation.processing.run.all.processors" value="true" />
    <property name="libs.jsp-compiler.classpath" value="/Applications/NetBeans/ApacheNetBeans15.app/Contents/Resources/NetBeans/netbeans/enterprise/ant/extra/jspcompile.jar" />
    <property name="junit.forkmode" value="perTest" />
    <property name="libs.javaee-web-api-7.0.src" value="" />
    <property name="libs.javaee-endorsed-api-6.0.classpath" value="/Applications/NetBeans/ApacheNetBeans15.app/Contents/Resources/NetBeans/netbeans/enterprise/modules/ext/javaee6-endorsed/javax.annotation.jar:/Applications/NetBeans/ApacheNetBeans15.app/Contents/Resources/NetBeans/netbeans/enterprise/modules/ext/javaee6-endorsed/jaxb-api-osgi.jar:/Applications/NetBeans/ApacheNetBeans15.app/Contents/Resources/NetBeans/netbeans/enterprise/modules/ext/javaee6-endorsed/webservices-api-osgi.jar" />
  </properties>
  <testcase classname="CompilerTest" name="testClass" time="0.002" />
  <testcase classname="CompilerTest" name="nasm" time="0.014" />
  <testcase classname="CompilerTest" name="hello" time="0.0" />
  <system-out><![CDATA[[-54, -2, -70, -66, 0, 0, 0, 61, 0, -127, 10, 0, 2, 0, 3, 7, 0, 4, 12, 0, 5, 0, 6, 1, 0, 16, 106, 97, 118, 97, 47, 108, 97, 110, 103, 47, 79, 98, 106, 101, 99, 116, 1, 0, 6, 60, 105, 110, 105, 116, 62, 1, 0, 3, 40, 41, 86, 9, 0, 8, 0, 9, 7, 0, 10, 12, 0, 11, 0, 12, 1, 0, 19, 106, 67, 80, 85, 47, 74, 97, 118, 97, 86, 77, 47, 118, 109, 47, 86, 109, 67, 80, 1, 0, 2, 99, 112, 1, 0, 19, 91, 76, 106, 97, 118, 97, 47, 108, 97, 110, 103, 47, 79, 98, 106, 101, 99, 116, 59, 9, 0, 8, 0, 14, 12, 0, 15, 0, 16, 1, 0, 4, 117, 115, 101, 100, 1, 0, 1, 73, 10, 0, 8, 0, 18, 12, 0, 19, 0, 20, 1, 0, 3, 103, 101, 116, 1, 0, 21, 40, 73, 41, 76, 106, 97, 118, 97, 47, 108, 97, 110, 103, 47, 79, 98, 106, 101, 99, 116, 59, 7, 0, 22, 1, 0, 16, 106, 97, 118, 97, 47, 108, 97, 110, 103, 47, 68, 111, 117, 98, 108, 101, 10, 0, 21, 0, 24, 12, 0, 25, 0, 26, 1, 0, 11, 100, 111, 117, 98, 108, 101, 86, 97, 108, 117, 101, 1, 0, 3, 40, 41, 68, 7, 0, 28, 1, 0, 16, 106, 97, 118, 97, 47, 108, 97, 110, 103, 47, 83, 116, 114, 105, 110, 103, 7, 0, 30, 1, 0, 28, 106, 67, 80, 85, 47, 74, 97, 118, 97, 86, 77, 47, 118, 109, 47, 86, 109, 67, 111, 110, 115, 116, 83, 116, 114, 105, 110, 103, 10, 0, 8, 0, 32, 12, 0, 33, 0, 34, 1, 0, 3, 115, 101, 116, 1, 0, 22, 40, 73, 76, 106, 97, 118, 97, 47, 108, 97, 110, 103, 47, 79, 98, 106, 101, 99, 116, 59, 41, 86, 7, 0, 36, 1, 0, 27, 106, 67, 80, 85, 47, 74, 97, 118, 97, 86, 77, 47, 118, 109, 47, 86, 109, 67, 111, 110, 115, 116, 67, 108, 97, 115, 115, 7, 0, 38, 1, 0, 30, 106, 67, 80, 85, 47, 74, 97, 118, 97, 86, 77, 47, 118, 109, 47, 86, 109, 67, 111, 110, 115, 116, 70, 105, 101, 108, 100, 82, 101, 102, 7, 0, 40, 1, 0, 31, 106, 67, 80, 85, 47, 74, 97, 118, 97, 86, 77, 47, 118, 109, 47, 86, 109, 67, 111, 110, 115, 116, 77, 101, 116, 104, 111, 100, 82, 101, 102, 7, 0, 42, 1, 0, 32, 106, 67, 80, 85, 47, 74, 97, 118, 97, 86, 77, 47, 118, 109, 47, 86, 109, 67, 111, 110, 115, 116, 73, 77, 101, 116, 104, 111, 100, 82, 101, 102, 10, 0, 2, 0, 44, 12, 0, 45, 0, 46, 1, 0, 6, 101, 113, 117, 97, 108, 115, 1, 0, 21, 40, 76, 106, 97, 118, 97, 47, 108, 97, 110, 103, 47, 79, 98, 106, 101, 99, 116, 59, 41, 90, 7, 0, 48, 1, 0, 30, 106, 97, 118, 97, 47, 108, 97, 110, 103, 47, 78, 117, 108, 108, 80, 111, 105, 110, 116, 101, 114, 69, 120, 99, 101, 112, 116, 105, 111, 110, 8, 0, 50, 1, 0, 22, 67, 97, 110, 110, 111, 116, 32, 115, 101, 116, 32, 97, 32, 110, 117, 108, 108, 32, 100, 97, 116, 97, 10, 0, 47, 0, 52, 12, 0, 5, 0, 53, 1, 0, 21, 40, 76, 106, 97, 118, 97, 47, 108, 97, 110, 103, 47, 83, 116, 114, 105, 110, 103, 59, 41, 86, 1, 0, 9, 84, 89, 80, 69, 95, 85, 84, 70, 56, 1, 0, 13, 67, 111, 110, 115, 116, 97, 110, 116, 86, 97, 108, 117, 101, 3, 0, 0, 0, 1, 1, 0, 8, 84, 89, 80, 69, 95, 73, 78, 84, 3, 0, 0, 0, 3, 1, 0, 10, 84, 89, 80, 69, 95, 70, 76, 79, 65, 84, 3, 0, 0, 0, 4, 1, 0, 9, 84, 89, 80, 69, 95, 76, 79, 78, 71, 3, 0, 0, 0, 5, 1, 0, 11, 84, 89, 80, 69, 95, 68, 79, 85, 66, 76, 69, 3, 0, 0, 0, 6, 1, 0, 13, 84, 89, 80, 69, 95, 67, 76, 65, 83, 83, 82, 69, 70, 3, 0, 0, 0, 7, 1, 0, 11, 84, 89, 80, 69, 95, 83, 84, 82, 73, 78, 71, 3, 0, 0, 0, 8, 1, 0, 13, 84, 89, 80, 69, 95, 70, 73, 69, 76, 68, 82, 69, 70, 3, 0, 0, 0, 9, 1, 0, 14, 84, 89, 80, 69, 95, 77, 69, 84, 72, 79, 68, 82, 69, 70, 3, 0, 0, 0, 10, 1, 0, 15, 84, 89, 80, 69, 95, 73, 77, 69, 84, 72, 79, 68, 82, 69, 70, 3, 0, 0, 0, 11, 1, 0, 16, 84, 89, 80, 69, 95, 78, 65, 77, 69, 65, 78, 68, 84, 89, 80, 69, 3, 0, 0, 0, 12, 1, 0, 4, 40, 73, 41, 86, 1, 0, 4, 67, 111, 100, 101, 1, 0, 15, 76, 105, 110, 101, 78, 117, 109, 98, 101, 114, 84, 97, 98, 108, 101, 1, 0, 18, 76, 111, 99, 97, 108, 86, 97, 114, 105, 97, 98, 108, 101, 84, 97, 98, 108, 101, 1, 0, 4, 116, 104, 105, 115, 1, 0, 21, 76, 106, 67, 80, 85, 47, 74, 97, 118, 97, 86, 77, 47, 118, 109, 47, 86, 109, 67, 80, 59, 1, 0, 5, 99, 111, 117, 110, 116, 1, 0, 9, 103, 101, 116, 76, 101, 110, 103, 116, 104, 1, 0, 3, 40, 41, 73, 1, 0, 9, 103, 101, 116, 68, 111, 117, 98, 108, 101, 1, 0, 4, 40, 73, 41, 68, 1, 0, 5, 105, 110, 100, 101, 120, 1, 0, 7, 103, 101, 116, 85, 84, 70, 56, 1, 0, 21, 40, 73, 41, 76, 106, 97, 118, 97, 47, 108, 97, 110, 103, 47, 83, 116, 114, 105, 110, 103, 59, 1, 0, 9, 103, 101, 116, 83, 116, 114, 105, 110, 103, 1, 0, 33, 40, 73, 41, 76, 106, 67, 80, 85, 47, 74, 97, 118, 97, 86, 77, 47, 118, 109, 47, 86, 109, 67, 111, 110, 115, 116, 83, 116, 114, 105, 110, 103, 59, 1, 0, 9, 115, 101, 116, 83, 116, 114, 105, 110, 103, 1, 0, 34, 40, 73, 76, 106, 67, 80, 85, 47, 74, 97, 118, 97, 86, 77, 47, 118, 109, 47, 86, 109, 67, 111, 110, 115, 116, 83, 116, 114, 105, 110, 103, 59, 41, 86, 1, 0, 5, 118, 97, 108, 117, 101, 1, 0, 30, 76, 106, 67, 80, 85, 47, 74, 97, 118, 97, 86, 77, 47, 118, 109, 47, 86, 109, 67, 111, 110, 115, 116, 83, 116, 114, 105, 110, 103, 59, 1, 0, 13, 103, 101, 116, 67, 111, 110, 115, 116, 67, 108, 97, 115, 115, 1, 0, 32, 40, 73, 41, 76, 106, 67, 80, 85, 47, 74, 97, 118, 97, 86, 77, 47, 118, 109, 47, 86, 109, 67, 111, 110, 115, 116, 67, 108, 97, 115, 115, 59, 1, 0, 13, 115, 101, 116, 67, 111, 110, 115, 116, 67, 108, 97, 115, 115, 1, 0, 33, 40, 73, 76, 106, 67, 80, 85, 47, 74, 97, 118, 97, 86, 77, 47, 118, 109, 47, 86, 109, 67, 111, 110, 115, 116, 67, 108, 97, 115, 115, 59, 41, 86, 1, 0, 29, 76, 106, 67, 80, 85, 47, 74, 97, 118, 97, 86, 77, 47, 118, 109, 47, 86, 109, 67, 111, 110, 115, 116, 67, 108, 97, 115, 115, 59, 1, 0, 16, 103, 101, 116, 67, 111, 110, 115, 116, 70, 105, 101, 108, 100, 82, 101, 102, 1, 0, 35, 40, 73, 41, 76, 106, 67, 80, 85, 47, 74, 97, 118, 97, 86, 77, 47, 118, 109, 47, 86, 109, 67, 111, 110, 115, 116, 70, 105, 101, 108, 100, 82, 101, 102, 59, 1, 0, 16, 115, 101, 116, 67, 111, 110, 115, 116, 70, 105, 101, 108, 100, 82, 101, 102, 1, 0, 36, 40, 73, 76, 106, 67, 80, 85, 47, 74, 97, 118, 97, 86, 77, 47, 118, 109, 47, 86, 109, 67, 111, 110, 115, 116, 70, 105, 101, 108, 100, 82, 101, 102, 59, 41, 86, 1, 0, 32, 76, 106, 67, 80, 85, 47, 74, 97, 118, 97, 86, 77, 47, 118, 109, 47, 86, 109, 67, 111, 110, 115, 116, 70, 105, 101, 108, 100, 82, 101, 102, 59, 1, 0, 17, 103, 101, 116, 67, 111, 110, 115, 116, 77, 101, 116, 104, 111, 100, 82, 101, 102, 1, 0, 36, 40, 73, 41, 76, 106, 67, 80, 85, 47, 74, 97, 118, 97, 86, 77, 47, 118, 109, 47, 86, 109, 67, 111, 110, 115, 116, 77, 101, 116, 104, 111, 100, 82, 101, 102, 59, 1, 0, 17, 115, 101, 116, 67, 111, 110, 115, 116, 77, 101, 116, 104, 111, 100, 82, 101, 102, 1, 0, 37, 40, 73, 76, 106, 67, 80, 85, 47, 74, 97, 118, 97, 86, 77, 47, 118, 109, 47, 86, 109, 67, 111, 110, 115, 116, 77, 101, 116, 104, 111, 100, 82, 101, 102, 59, 41, 86, 1, 0, 33, 76, 106, 67, 80, 85, 47, 74, 97, 118, 97, 86, 77, 47, 118, 109, 47, 86, 109, 67, 111, 110, 115, 116, 77, 101, 116, 104, 111, 100, 82, 101, 102, 59, 1, 0, 18, 103, 101, 116, 67, 111, 110, 115, 116, 73, 77, 101, 116, 104, 111, 100, 82, 101, 102, 1, 0, 37, 40, 73, 41, 76, 106, 67, 80, 85, 47, 74, 97, 118, 97, 86, 77, 47, 118, 109, 47, 86, 109, 67, 111, 110, 115, 116, 73, 77, 101, 116, 104, 111, 100, 82, 101, 102, 59, 1, 0, 18, 115, 101, 116, 67, 111, 110, 115, 116, 73, 77, 101, 116, 104, 111, 100, 82, 101, 102, 1, 0, 38, 40, 73, 76, 106, 67, 80, 85, 47, 74, 97, 118, 97, 86, 77, 47, 118, 109, 47, 86, 109, 67, 111, 110, 115, 116, 73, 77, 101, 116, 104, 111, 100, 82, 101, 102, 59, 41, 86, 1, 0, 34, 76, 106, 67, 80, 85, 47, 74, 97, 118, 97, 86, 77, 47, 118, 109, 47, 86, 109, 67, 111, 110, 115, 116, 73, 77, 101, 116, 104, 111, 100, 82, 101, 102, 59, 1, 0, 6, 103, 101, 116, 65, 110, 121, 1, 0, 7, 105, 110, 100, 101, 120, 79, 102, 1, 0, 21, 40, 76, 106, 97, 118, 97, 47, 108, 97, 110, 103, 47, 79, 98, 106, 101, 99, 116, 59, 41, 73, 1, 0, 1, 111, 1, 0, 18, 76, 106, 97, 118, 97, 47, 108, 97, 110, 103, 47, 79, 98, 106, 101, 99, 116, 59, 1, 0, 1, 105, 1, 0, 6, 111, 98, 106, 101, 99, 116, 1, 0, 13, 83, 116, 97, 99, 107, 77, 97, 112, 84, 97, 98, 108, 101, 1, 0, 4, 100, 97, 116, 97, 1, 0, 5, 114, 101, 115, 101, 116, 1, 0, 10, 83, 111, 117, 114, 99, 101, 70, 105, 108, 101, 1, 0, 9, 86, 109, 67, 80, 46, 106, 97, 118, 97, 0, 49, 0, 8, 0, 2, 0, 0, 0, 13, 0, 25, 0, 54, 0, 16, 0, 1, 0, 55, 0, 0, 0, 2, 0, 56, 0, 25, 0, 57, 0, 16, 0, 1, 0, 55, 0, 0, 0, 2, 0, 58, 0, 25, 0, 59, 0, 16, 0, 1, 0, 55, 0, 0, 0, 2, 0, 60, 0, 25, 0, 61, 0, 16, 0, 1, 0, 55, 0, 0, 0, 2, 0, 62, 0, 25, 0, 63, 0, 16, 0, 1, 0, 55, 0, 0, 0, 2, 0, 64, 0, 25, 0, 65, 0, 16, 0, 1, 0, 55, 0, 0, 0, 2, 0, 66, 0, 25, 0, 67, 0, 16, 0, 1, 0, 55, 0, 0, 0, 2, 0, 68, 0, 25, 0, 69, 0, 16, 0, 1, 0, 55, 0, 0, 0, 2, 0, 70, 0, 25, 0, 71, 0, 16, 0, 1, 0, 55, 0, 0, 0, 2, 0, 72, 0, 25, 0, 73, 0, 16, 0, 1, 0, 55, 0, 0, 0, 2, 0, 74, 0, 25, 0, 75, 0, 16, 0, 1, 0, 55, 0, 0, 0, 2, 0, 76, 0, 18, 0, 11, 0, 12, 0, 0, 0, 18, 0, 15, 0, 16, 0, 0, 0, 19, 0, 4, 0, 5, 0, 77, 0, 1, 0, 78, 0, 0, 0, 82, 0, 2, 0, 2, 0, 0, 0, 18, 42, -73, 0, 1, 42, 27, -67, 0, 2, -75, 0, 7, 42, 27, -75, 0, 13, -79, 0, 0, 0, 2, 0, 79, 0, 0, 0, 18, 0, 4, 0, 0, 0, 52, 0, 4, 0, 53, 0, 12, 0, 54, 0, 17, 0, 55, 0, 80, 0, 0, 0, 22, 0, 2, 0, 0, 0, 18, 0, 81, 0, 82, 0, 0, 0, 0, 0, 18, 0, 83, 0, 16, 0, 1, 0, 1, 0, 84, 0, 85, 0, 1, 0, 78, 0, 0, 0, 48, 0, 1, 0, 1, 0, 0, 0, 6, 42, -76, 0, 7, -66, -84, 0, 0, 0, 2, 0, 79, 0, 0, 0, 6, 0, 1, 0, 0, 0, 63, 0, 80, 0, 0, 0, 12, 0, 1, 0, 0, 0, 6, 0, 81, 0, 82, 0, 0, 0, 1, 0, 86, 0, 87, 0, 1, 0, 78, 0, 0, 0, 64, 0, 2, 0, 2, 0, 0, 0, 12, 42, 27, -74, 0, 17, -64, 0, 21, -74, 0, 23, -81, 0, 0, 0, 2, 0, 79, 0, 0, 0, 6, 0, 1, 0, 0, 0, -120, 0, 80, 0, 0, 0, 22, 0, 2, 0, 0, 0, 12, 0, 81, 0, 82, 0, 0, 0, 0, 0, 12, 0, 88, 0, 16, 0, 1, 0, 4, 0, 89, 0, 90, 0, 1, 0, 78, 0, 0, 0, 61, 0, 2, 0, 2, 0, 0, 0, 9, 42, 27, -74, 0, 17, -64, 0, 27, -80, 0, 0, 0, 2, 0, 79, 0, 0, 0, 6, 0, 1, 0, 0, 0, -106, 0, 80, 0, 0, 0, 22, 0, 2, 0, 0, 0, 9, 0, 81, 0, 82, 0, 0, 0, 0, 0, 9, 0, 88, 0, 16, 0, 1, 0, 1, 0, 91, 0, 92, 0, 1, 0, 78, 0, 0, 0, 61, 0, 2, 0, 2, 0, 0, 0, 9, 42, 27, -74, 0, 17, -64, 0, 29, -80, 0, 0, 0, 2, 0, 79, 0, 0, 0, 6, 0, 1, 0, 0, 0, -98, 0, 80, 0, 0, 0, 22, 0, 2, 0, 0, 0, 9, 0, 81, 0, 82, 0, 0, 0, 0, 0, 9, 0, 88, 0, 16, 0, 1, 0, 4, 0, 93, 0, 94, 0, 1, 0, 78, 0, 0, 0, 73, 0, 3, 0, 3, 0, 0, 0, 7, 42, 27, 44, -74, 0, 31, -79, 0, 0, 0, 2, 0, 79, 0, 0, 0, 10, 0, 2, 0, 0, 0, -94, 0, 6, 0, -93, 0, 80, 0, 0, 0, 32, 0, 3, 0, 0, 0, 7, 0, 81, 0, 82, 0, 0, 0, 0, 0, 7, 0, 88, 0, 16, 0, 1, 0, 0, 0, 7, 0, 95, 0, 96, 0, 2, 0, 1, 0, 97, 0, 98, 0, 1, 0, 78, 0, 0, 0, 61, 0, 2, 0, 2, 0, 0, 0, 9, 42, 27, -74, 0, 17, -64, 0, 35, -80, 0, 0, 0, 2, 0, 79, 0, 0, 0, 6, 0, 1, 0, 0, 0, -90, 0, 80, 0, 0, 0, 22, 0, 2, 0, 0, 0, 9, 0, 81, 0, 82, 0, 0, 0, 0, 0, 9, 0, 88, 0, 16, 0, 1, 0, 4, 0, 99, 0, 100, 0, 1, 0, 78, 0, 0, 0, 73, 0, 3, 0, 3, 0, 0, 0, 7, 42, 27, 44, -74, 0, 31, -79, 0, 0, 0, 2, 0, 79, 0, 0, 0, 10, 0, 2, 0, 0, 0, -86, 0, 6, 0, -85, 0, 80, 0, 0, 0, 32, 0, 3, 0, 0, 0, 7, 0, 81, 0, 82, 0, 0, 0, 0, 0, 7, 0, 88, 0, 16, 0, 1, 0, 0, 0, 7, 0, 95, 0, 101, 0, 2, 0, 1, 0, 102, 0, 103, 0, 1, 0, 78, 0, 0, 0, 61, 0, 2, 0, 2, 0, 0, 0, 9, 42, 27, -74, 0, 17, -64, 0, 37, -80, 0, 0, 0, 2, 0, 79, 0, 0, 0, 6, 0, 1, 0, 0, 0, -82, 0, 80, 0, 0, 0, 22, 0, 2, 0, 0, 0, 9, 0, 81, 0, 82, 0, 0, 0, 0, 0, 9, 0, 88, 0, 16, 0, 1, 0, 4, 0, 104, 0, 105, 0, 1, 0, 78, 0, 0, 0, 73, 0, 3, 0, 3, 0, 0, 0, 7, 42, 27, 44, -74, 0, 31, -79, 0, 0, 0, 2, 0, 79, 0, 0, 0, 10, 0, 2, 0, 0, 0, -78, 0, 6, 0, -77, 0, 80, 0, 0, 0, 32, 0, 3, 0, 0, 0, 7, 0, 81, 0, 82, 0, 0, 0, 0, 0, 7, 0, 88, 0, 16, 0, 1, 0, 0, 0, 7, 0, 95, 0, 106, 0, 2, 0, 1, 0, 107, 0, 108, 0, 1, 0, 78, 0, 0, 0, 61, 0, 2, 0, 2, 0, 0, 0, 9, 42, 27, -74, 0, 17, -64, 0, 39, -80, 0, 0, 0, 2, 0, 79, 0, 0, 0, 6, 0, 1, 0, 0, 0, -74, 0, 80, 0, 0, 0, 22, 0, 2, 0, 0, 0, 9, 0, 81, 0, 82, 0, 0, 0, 0, 0, 9, 0, 88, 0, 16, 0, 1, 0, 4, 0, 109, 0, 110, 0, 1, 0, 78, 0, 0, 0, 73, 0, 3, 0, 3, 0, 0, 0, 7, 42, 27, 44, -74, 0, 31, -79, 0, 0, 0, 2, 0, 79, 0, 0, 0, 10, 0, 2, 0, 0, 0, -70, 0, 6, 0, -69, 0, 80, 0, 0, 0, 32, 0, 3, 0, 0, 0, 7, 0, 81, 0, 82, 0, 0, 0, 0, 0, 7, 0, 88, 0, 16, 0, 1, 0, 0, 0, 7, 0, 95, 0, 111, 0, 2, 0, 1, 0, 112, 0, 113, 0, 1, 0, 78, 0, 0, 0, 61, 0, 2, 0, 2, 0, 0, 0, 9, 42, 27, -74, 0, 17, -64, 0, 41, -80, 0, 0, 0, 2, 0, 79, 0, 0, 0, 6, 0, 1, 0, 0, 0, -66, 0, 80, 0, 0, 0, 22, 0, 2, 0, 0, 0, 9, 0, 81, 0, 82, 0, 0, 0, 0, 0, 9, 0, 88, 0, 16, 0, 1, 0, 4, 0, 114, 0, 115, 0, 1, 0, 78, 0, 0, 0, 73, 0, 3, 0, 3, 0, 0, 0, 7, 42, 27, 44, -74, 0, 31, -79, 0, 0, 0, 2, 0, 79, 0, 0, 0, 10, 0, 2, 0, 0, 0, -62, 0, 6, 0, -61, 0, 80, 0, 0, 0, 32, 0, 3, 0, 0, 0, 7, 0, 81, 0, 82, 0, 0, 0, 0, 0, 7, 0, 88, 0, 16, 0, 1, 0, 0, 0, 7, 0, 95, 0, 116, 0, 2, 0, 17, 0, 117, 0, 20, 0, 1, 0, 78, 0, 0, 0, 58, 0, 2, 0, 2, 0, 0, 0, 6, 42, 27, -74, 0, 17, -80, 0, 0, 0, 2, 0, 79, 0, 0, 0, 6, 0, 1, 0, 0, 0, -58, 0, 80, 0, 0, 0, 22, 0, 2, 0, 0, 0, 6, 0, 81, 0, 82, 0, 0, 0, 0, 0, 6, 0, 88, 0, 16, 0, 1, 0, 17, 0, 118, 0, 119, 0, 1, 0, 78, 0, 0, 0, -109, 0, 2, 0, 4, 0, 0, 0, 39, 3, 61, 28, 42, -76, 0, 13, -94, 0, 30, 42, -76, 0, 7, 28, 50, 78, 45, -58, 0, 13, 45, 43, -74, 0, 43, -103, 0, 5, 28, -84, -124, 2, 1, -89, -1, -32, 2, -84, 0, 0, 0, 3, 0, 79, 0, 0, 0, 26, 0, 6, 0, 0, 0, -48, 0, 10, 0, -47, 0, 17, 0, -46, 0, 29, 0, -45, 0, 31, 0, -48, 0, 37, 0, -42, 0, 80, 0, 0, 0, 42, 0, 4, 0, 17, 0, 14, 0, 120, 0, 121, 0, 3, 0, 2, 0, 35, 0, 122, 0, 16, 0, 2, 0, 0, 0, 39, 0, 81, 0, 82, 0, 0, 0, 0, 0, 39, 0, 123, 0, 121, 0, 1, 0, 124, 0, 0, 0, 10, 0, 3, -4, 0, 2, 1, 28, -6, 0, 5, 0, 2, 0, 19, 0, 20, 0, 1, 0, 78, 0, 0, 0, 59, 0, 2, 0, 2, 0, 0, 0, 7, 42, -76, 0, 7, 27, 50, -80, 0, 0, 0, 2, 0, 79, 0, 0, 0, 6, 0, 1, 0, 0, 0, -32, 0, 80, 0, 0, 0, 22, 0, 2, 0, 0, 0, 7, 0, 81, 0, 82, 0, 0, 0, 0, 0, 7, 0, 88, 0, 16, 0, 1, 0, 2, 0, 33, 0, 34, 0, 1, 0, 78, 0, 0, 0, 105, 0, 3, 0, 3, 0, 0, 0, 22, 44, -57, 0, 13, -69, 0, 47, 89, 18, 49, -73, 0, 51, -65, 42, -76, 0, 7, 27, 44, 83, -79, 0, 0, 0, 3, 0, 79, 0, 0, 0, 18, 0, 4, 0, 0, 0, -22, 0, 4, 0, -21, 0, 14, 0, -18, 0, 21, 0, -17, 0, 80, 0, 0, 0, 32, 0, 3, 0, 0, 0, 22, 0, 81, 0, 82, 0, 0, 0, 0, 0, 22, 0, 88, 0, 16, 0, 1, 0, 0, 0, 22, 0, 125, 0, 121, 0, 2, 0, 124, 0, 0, 0, 3, 0, 1, 14, 0, 16, 0, 126, 0, 77, 0, 1, 0, 78, 0, 0, 0, 64, 0, 3, 0, 2, 0, 0, 0, 8, 42, -76, 0, 7, 27, 1, 83, -79, 0, 0, 0, 2, 0, 79, 0, 0, 0, 10, 0, 2, 0, 0, 0, -14, 0, 7, 0, -13, 0, 80, 0, 0, 0, 22, 0, 2, 0, 0, 0, 8, 0, 81, 0, 82, 0, 0, 0, 0, 0, 8, 0, 88, 0, 16, 0, 1, 0, 1, 0, 127, 0, 0, 0, 2, 0, -128]
{
    "code": [
        {"define": "ENTRY(x) type:x,@function ;globl:x ; x:label"},
        {"define": "DATA32  data:32,"},
        {"define": "CR0_PE_ON  0x1"},
        {"define": "CR0_PE_OFF 0xfffffffe"},
        {"define": "KERNEL_DS 0x18"},
        {"define": "KERNEL_16_DS 0x28"},
        {"define": "KERNEL_CS 0x10"},
        {"define": "KERNEL_16_CS 0x20"},
        {"define": "REALCODE  0x9000"},
        {"define": "STACKOFF  0x8000"},
        {"define": "SCRATCHMEM 0x7000"},
        {"define": "OTHERMEM  0x6000"},
        {"if": "0"},
        {"define": "WRITE(c) mov $0x3fd,%dx ; 123:in (%dx),%al ; and $0x20,%ax ; je 123b ; mov $0x3f8,%dx ; mov $c,%al ; out %al,(%dx)"},
        {"endif": "lable"},
        {"define": "WRITE(c)"},
        "text",
        {"p2align": "2  , 0x90 ; type:_start  ,@function ; globl:_start ; _start:label"},
        "code16",
        {"type": "ENTRY(real_to_prot)"},
        "cli",
        {"type": " WRITE('0')"},
        {"comment": "17"},
        {"comment": "18"},
        {"comment": "19"},
        {"movl": "%cr0, %eax"},
        {"orl": "$CR0_PE_ON, %eax"},
        {"movl": "%eax, %cr0"},
        {"type": " WRITE('1')"},
        {"comment": "20"},
        {"DATA32 ljmp": "$KERNEL_CS, $protcseg"},
        "code32",
        {"protcseg": "label"},
        {"comment": "21"},
        {"movw": "$KERNEL_DS, %ax"},
        {"movw": "%ax, %ds"},
        {"movw": "%ax, %es"},
        {"movw": "%ax, %fs"},
        {"movw": "%ax, %gs"},
        {"movw": "%ax, %ss"},
        {"type": " WRITE('2')"},
        {"comment": "22"},
        {"movl": "(%esp), %eax"},
        {"movl": "%eax, STACKOFF"},
        {"comment": "23"},
        {"movl": "protstack, %eax"},
        {"movl": "%eax, %esp"},
        {"movl": "%eax, %ebp"},
        {"comment": "24"},
        {"movl": "STACKOFF, %eax"},
        {"movl": "%eax, (%esp)"},
        {"comment": "25"},
        {"xorl": "%eax, %eax"},
        {"comment": "26"},
        "ret",
        "code32",
        {"prot_to_real": "label"},
        {"comment": "27"},
        {"movl": "%esp, %eax"},
        {"movl": "%eax, protstack"},
        {"comment": "28"},
        {"movl": "(%esp), %eax"},
        {"movl": "%eax, STACKOFF"},
        {"comment": "29"},
        {"movl": "$STACKOFF, %eax"},
        {"movl": "%eax, %esp"},
        {"movl": "%eax, %ebp"},
        {"comment": "30"},
        {"movw": "$KERNEL_16_DS, %ax"},
        {"movw": "%ax, %ds"},
        {"movw": "%ax, %es"},
        {"movw": "%ax, %fs"},
        {"movw": "%ax, %gs"},
        {"movw": "%ax, %ss"},
        {"comment": "31"},
        {"ljmp": "$KERNEL_16_CS, $tmpcseg "},
        {"comment": "32"},
        {"tmpcseg": "label"},
        "code16",
        {"comment": "33"},
        {"movl": "%cr0, %eax"},
        {"andl": "$CR0_PE_OFF, %eax"},
        {"movl": "%eax, %cr0"},
        {"comment": "34"},
        {"DATA32 ljmp": "$0, $realcseg"},
        {"realcseg": "label"},
        {"comment": "35"},
        {"comment": "36"},
        {"xorl": "%eax, %eax"},
        {"movw": "%ax, %ds"},
        {"movw": "%ax, %es"},
        {"movw": "%ax, %fs"},
        {"movw": "%ax, %gs"},
        {"movw": "%ax, %ss"},
        {"if": "ALLOW_IRQ"},
        {"comment": "38"},
        "sti",
        {"endif": "lable"},
        {"comment": "40"},
        {"type": " DATA32 ret"},
        {"comment": "41"},
        "code32",
        {"type": "ENTRY(vesa2_detect)"},
        {"pushl": " %ebp"},
        {"pushl": " %ebx"},
        {"pushl": " %edi"},
        {"type": " WRITE('N')"},
        {"movl": "%esp, %ebp"},
        {"comment": "42"},
        {"movl": "$SCRATCHMEM, %ebx"},
        {"shrl": "$4, %ebx"},
        {"comment": "43"},
        {"call": " prot_to_real"},
        "code16",
        {"type": " WRITE('M')"},
        {"comment": "44"},
        {"movw": "%bx, %es"},
        {"xorw": "%di, %di"},
        {"movw": "$0x4F00, %ax"},
        {"int": "$0x10"},
        {"movw": "%ax, %bx"},
        {"type": " WRITE('L')"},
        {"comment": "45"},
        {"DATA32 call": "real_to_prot"},
        "code32",
        {"type": " WRITE('K')"},
        {"movl": "$1, %eax"},
        {"comment": "46"},
        {"cmpb": "$0x4F, %bl"},
        {"jne": "1f"},
        {"type": " WRITE('1')"},
        {"comment": "47"},
        {"cmpw": "$0x200, (SCRATCHMEM)"},
        {"jl": " 1f"},
        {"comment": "48"},
        {"xorl": "%eax, %eax"},
        {"1": "label"},
        {"type": " WRITE('0')"},
        {"popl": "%edi"},
        {"popl": "%ebx"},
        {"popl": "%ebp"},
        "ret",
        {"type": "ENTRY(testreal)"},
        {"pushl": " %ebp"},
        {"pushl": " %ebx"},
        {"pushl": " %edi"},
        {"movl": "%esp, %ebp"},
        {"type": " WRITE('N')"},
        {"comment": "49"},
        {"call": " prot_to_real"},
        "code16",
        {"type": " WRITE('M')"},
        {"comment": "50"},
        {"DATA32 call": "real_to_prot"},
        "code32",
        {"type": " WRITE('L')"},
        {"1": "popl %edi"},
        {"popl": "%ebx"},
        {"popl": "%ebp"},
        "ret",
        {"comment": "51"},
        {"type": "ENTRY(vesa2_get_mode_info)"},
        {"pushl": " %ebp"},
        {"movl": "%esp, %ebp"},
        {"pushl": " %ebx"},
        {"pushl": " %edi"},
        {"comment": "52"},
        {"movl": "12(%ebp), %ebx"},
        {"movl": "%ebx, %edi"},
        {"shrl": "$4, %ebx"},
        {"andl": "$0xFFFF, %edi"},
        {"comment": "53"},
        {"movl": "8(%ebp), %ecx"},
        {"comment": "54"},
        {"call": " prot_to_real"},
        "code16",
        {"comment": "55"},
        {"comment": "56"},
        {"movw": "$0, %ax"},
        {"movw": "%ax, %es"},
        {"comment": "57"},
        {"movw": "$0x6000, %ax"},
        {"movw": "%ax, %di"},
        {"comment": "58"},
        {"movw": "$0x4f01, %ax"},
        {"int": "$0x10"},
        {"movw": "%ax, %bx"},
        {"comment": "59"},
        {"DATA32 call": "real_to_prot"},
        "code32",
        {"movl": "$1, %eax"},
        {"comment": "60"},
        {"cmpw": "$0x004F, %bx"},
        {"jne": "1f"},
        {"comment": "61"},
        {"xorl": "%eax, %eax"},
        {"1": "popl %edi"},
        {"popl": "%ebx"},
        {"popl": "%ebp"},
        "ret",
        {"comment": "62"},
        {"type": "ENTRY(vesa2_set_mode)"},
        {"pushl": " %ebp"},
        {"movl": "%esp, %ebp"},
        {"pushl": " %ebx"},
        {"movl": "8(%ebp), %ebx"},
        {"comment": "63"},
        {"call": " prot_to_real"},
        "code16",
        {"comment": "64"},
        {"movw": "$0x4F02, %ax"},
        {"int": "$0x10"},
        {"movw": "%ax, %bx"},
        {"comment": "65"},
        {"DATA32 call": " real_to_prot"},
        "code32",
        {"movl": "$1, %eax"},
        {"comment": "66"},
        {"cmpw": "$0x004F, %bx"},
        {"jne": "1f"},
        {"xorl": "%eax, %eax"},
        {"1": "popl %ebx"},
        {"popl": "%ebp"},
        "ret",
        {"p2align": "2 "},
        {"comment": "67"},
        {"comment": "68"},
        {"protstack": "label"},
        {"long": "0"},
        {"comment": "69"},
        {"p2align": "2 "},
        {"comment": "70"},
        {"gdt": "label"},
        {"word": "0, 0"},
        {"byte": "0, 0, 0, 0"},
        {"comment": "71"},
        {"word": "0xFFFF, 0"},
        {"byte": "0, 0x9A, 0xCF, 0"},
        {"comment": "72"},
        {"word": "0xFFFF, 0"},
        {"byte": "0, 0x92, 0xCF, 0"},
        {"comment": "73"},
        {"word": "0xFFFF, 0"},
        {"byte": "0, 0x9E, 0, 0"},
        {"comment": "74"},
        {"word": "0xFFFF, 0"},
        {"byte": "0, 0x92, 0, 0"},
        {"comment": "75"},
        {"gdtdesc": "label"},
        {"word": "0x27 "},
        {"comment": "76"},
        {"long": "gdt  "},
        {"comment": "77"}
    ],
    "language": "S"
}
]]></system-out>
  <system-err><![CDATA[]]></system-err>
</testsuite>
